Dez 06, 2014 3:08:37 PM org.apache.catalina.core.AprLifecycleListener init
INFORMAÇÕES: The APR based Apache Tomcat Native library which allows optimal performance in production environments was not found on the java.library.path: /usr/java/packages/lib/amd64:/usr/lib/x86_64-linux-gnu/jni:/lib/x86_64-linux-gnu:/usr/lib/x86_64-linux-gnu:/usr/lib/jni:/lib:/usr/lib
Dez 06, 2014 3:08:38 PM org.apache.coyote.AbstractProtocol init
INFORMAÇÕES: Initializing ProtocolHandler ["http-bio-8080"]
Dez 06, 2014 3:08:38 PM org.apache.coyote.AbstractProtocol init
INFORMAÇÕES: Initializing ProtocolHandler ["ajp-bio-8009"]
Dez 06, 2014 3:08:38 PM org.apache.catalina.startup.Catalina load
INFORMAÇÕES: Initialization processed in 1651 ms
Dez 06, 2014 3:08:38 PM org.apache.catalina.core.StandardService startInternal
INFORMAÇÕES: Starting service Catalina
Dez 06, 2014 3:08:38 PM org.apache.catalina.core.StandardEngine startInternal
INFORMAÇÕES: Starting Servlet Engine: Apache Tomcat/7.0.47
Dez 06, 2014 3:08:38 PM org.apache.catalina.startup.HostConfig deployDirectory
INFORMAÇÕES: Deploying web application directory /home/douglas/grupo05/apache-tomcat-7.0.47/webapps/docs
Dez 06, 2014 3:08:38 PM org.apache.catalina.startup.HostConfig deployDirectory
INFORMAÇÕES: Deploying web application directory /home/douglas/grupo05/apache-tomcat-7.0.47/webapps/manager
Dez 06, 2014 3:08:39 PM org.apache.catalina.startup.HostConfig deployDirectory
INFORMAÇÕES: Deploying web application directory /home/douglas/grupo05/apache-tomcat-7.0.47/webapps/ROOT
Dez 06, 2014 3:08:39 PM org.apache.catalina.startup.HostConfig deployDirectory
INFORMAÇÕES: Deploying web application directory /home/douglas/grupo05/apache-tomcat-7.0.47/webapps/examples
Dez 06, 2014 3:08:39 PM org.apache.catalina.startup.HostConfig deployDirectory
INFORMAÇÕES: Deploying web application directory /home/douglas/grupo05/apache-tomcat-7.0.47/webapps/host-manager
Dez 06, 2014 3:08:39 PM org.apache.coyote.AbstractProtocol start
INFORMAÇÕES: Starting ProtocolHandler ["http-bio-8080"]
Dez 06, 2014 3:08:39 PM org.apache.coyote.AbstractProtocol start
INFORMAÇÕES: Starting ProtocolHandler ["ajp-bio-8009"]
Dez 06, 2014 3:08:39 PM org.apache.catalina.startup.Catalina start
INFORMAÇÕES: Server startup in 1692 ms
Dez 06, 2014 3:23:12 PM org.apache.catalina.core.StandardServer await
INFORMAÇÕES: A valid shutdown command was received via the shutdown port. Stopping the Server instance.
Dez 06, 2014 3:23:12 PM org.apache.coyote.AbstractProtocol pause
INFORMAÇÕES: Pausing ProtocolHandler ["http-bio-8080"]
Dez 06, 2014 3:23:12 PM org.apache.coyote.AbstractProtocol pause
INFORMAÇÕES: Pausing ProtocolHandler ["ajp-bio-8009"]
Dez 06, 2014 3:23:12 PM org.apache.catalina.core.StandardService stopInternal
INFORMAÇÕES: Stopping service Catalina
Dez 06, 2014 3:23:13 PM org.apache.coyote.AbstractProtocol stop
INFORMAÇÕES: Stopping ProtocolHandler ["http-bio-8080"]
Dez 06, 2014 3:23:13 PM org.apache.coyote.AbstractProtocol stop
INFORMAÇÕES: Stopping ProtocolHandler ["ajp-bio-8009"]
Dez 06, 2014 3:23:13 PM org.apache.coyote.AbstractProtocol destroy
INFORMAÇÕES: Destroying ProtocolHandler ["http-bio-8080"]
Dez 06, 2014 3:23:13 PM org.apache.coyote.AbstractProtocol destroy
INFORMAÇÕES: Destroying ProtocolHandler ["ajp-bio-8009"]
Dez 06, 2014 3:27:55 PM org.apache.catalina.core.AprLifecycleListener init
INFORMAÇÕES: The APR based Apache Tomcat Native library which allows optimal performance in production environments was not found on the java.library.path: /usr/java/packages/lib/amd64:/usr/lib/x86_64-linux-gnu/jni:/lib/x86_64-linux-gnu:/usr/lib/x86_64-linux-gnu:/usr/lib/jni:/lib:/usr/lib
Dez 06, 2014 3:27:56 PM org.apache.coyote.AbstractProtocol init
INFORMAÇÕES: Initializing ProtocolHandler ["http-bio-8080"]
Dez 06, 2014 3:27:56 PM org.apache.coyote.AbstractProtocol init
INFORMAÇÕES: Initializing ProtocolHandler ["ajp-bio-8009"]
Dez 06, 2014 3:27:56 PM org.apache.catalina.startup.Catalina load
INFORMAÇÕES: Initialization processed in 536 ms
Dez 06, 2014 3:27:56 PM org.apache.catalina.core.StandardService startInternal
INFORMAÇÕES: Starting service Catalina
Dez 06, 2014 3:27:56 PM org.apache.catalina.core.StandardEngine startInternal
INFORMAÇÕES: Starting Servlet Engine: Apache Tomcat/7.0.47
Dez 06, 2014 3:27:56 PM org.apache.catalina.startup.HostConfig deployDirectory
INFORMAÇÕES: Deploying web application directory /home/douglas/grupo05/apache-tomcat-7.0.47/webapps/docs
Dez 06, 2014 3:27:56 PM org.apache.catalina.startup.HostConfig deployDirectory
INFORMAÇÕES: Deploying web application directory /home/douglas/grupo05/apache-tomcat-7.0.47/webapps/manager
Dez 06, 2014 3:27:56 PM org.apache.catalina.startup.HostConfig deployDirectory
INFORMAÇÕES: Deploying web application directory /home/douglas/grupo05/apache-tomcat-7.0.47/webapps/ROOT
Dez 06, 2014 3:27:56 PM org.apache.catalina.startup.HostConfig deployDirectory
INFORMAÇÕES: Deploying web application directory /home/douglas/grupo05/apache-tomcat-7.0.47/webapps/examples
Dez 06, 2014 3:27:57 PM org.apache.catalina.startup.HostConfig deployDirectory
INFORMAÇÕES: Deploying web application directory /home/douglas/grupo05/apache-tomcat-7.0.47/webapps/host-manager
Dez 06, 2014 3:27:57 PM org.apache.coyote.AbstractProtocol start
INFORMAÇÕES: Starting ProtocolHandler ["http-bio-8080"]
Dez 06, 2014 3:27:57 PM org.apache.coyote.AbstractProtocol start
INFORMAÇÕES: Starting ProtocolHandler ["ajp-bio-8009"]
Dez 06, 2014 3:27:57 PM org.apache.catalina.startup.Catalina start
INFORMAÇÕES: Server startup in 1107 ms
Dez 06, 2014 3:34:20 PM org.apache.catalina.core.StandardServer await
INFORMAÇÕES: A valid shutdown command was received via the shutdown port. Stopping the Server instance.
Dez 06, 2014 3:34:20 PM org.apache.coyote.AbstractProtocol pause
INFORMAÇÕES: Pausing ProtocolHandler ["http-bio-8080"]
Dez 06, 2014 3:34:20 PM org.apache.coyote.AbstractProtocol pause
INFORMAÇÕES: Pausing ProtocolHandler ["ajp-bio-8009"]
Dez 06, 2014 3:34:20 PM org.apache.catalina.core.StandardService stopInternal
INFORMAÇÕES: Stopping service Catalina
Dez 06, 2014 3:34:20 PM org.apache.coyote.AbstractProtocol stop
INFORMAÇÕES: Stopping ProtocolHandler ["http-bio-8080"]
Dez 06, 2014 3:34:20 PM org.apache.coyote.AbstractProtocol stop
INFORMAÇÕES: Stopping ProtocolHandler ["ajp-bio-8009"]
Dez 06, 2014 3:34:20 PM org.apache.coyote.AbstractProtocol destroy
INFORMAÇÕES: Destroying ProtocolHandler ["http-bio-8080"]
Dez 06, 2014 3:34:20 PM org.apache.coyote.AbstractProtocol destroy
INFORMAÇÕES: Destroying ProtocolHandler ["ajp-bio-8009"]
Dez 06, 2014 3:34:25 PM org.apache.catalina.core.AprLifecycleListener init
INFORMAÇÕES: The APR based Apache Tomcat Native library which allows optimal performance in production environments was not found on the java.library.path: /usr/java/packages/lib/amd64:/usr/lib/x86_64-linux-gnu/jni:/lib/x86_64-linux-gnu:/usr/lib/x86_64-linux-gnu:/usr/lib/jni:/lib:/usr/lib
Dez 06, 2014 3:34:25 PM org.apache.coyote.AbstractProtocol init
INFORMAÇÕES: Initializing ProtocolHandler ["http-bio-8080"]
Dez 06, 2014 3:34:25 PM org.apache.coyote.AbstractProtocol init
INFORMAÇÕES: Initializing ProtocolHandler ["ajp-bio-8009"]
Dez 06, 2014 3:34:25 PM org.apache.catalina.startup.Catalina load
INFORMAÇÕES: Initialization processed in 520 ms
Dez 06, 2014 3:34:25 PM org.apache.catalina.core.StandardService startInternal
INFORMAÇÕES: Starting service Catalina
Dez 06, 2014 3:34:25 PM org.apache.catalina.core.StandardEngine startInternal
INFORMAÇÕES: Starting Servlet Engine: Apache Tomcat/7.0.47
Dez 06, 2014 3:34:25 PM org.apache.catalina.startup.HostConfig deployWAR
INFORMAÇÕES: Deploying web application archive /home/douglas/grupo05/apache-tomcat-7.0.47/webapps/ROOT.war
Dez 06, 2014 3:34:26 PM org.apache.catalina.startup.HostConfig deployDirectory
INFORMAÇÕES: Deploying web application directory /home/douglas/grupo05/apache-tomcat-7.0.47/webapps/docs
Dez 06, 2014 3:34:26 PM org.apache.catalina.startup.HostConfig deployDirectory
INFORMAÇÕES: Deploying web application directory /home/douglas/grupo05/apache-tomcat-7.0.47/webapps/manager
Dez 06, 2014 3:34:26 PM org.apache.catalina.startup.HostConfig deployDirectory
INFORMAÇÕES: Deploying web application directory /home/douglas/grupo05/apache-tomcat-7.0.47/webapps/examples
Dez 06, 2014 3:34:26 PM org.apache.catalina.startup.HostConfig deployDirectory
INFORMAÇÕES: Deploying web application directory /home/douglas/grupo05/apache-tomcat-7.0.47/webapps/host-manager
Dez 06, 2014 3:34:26 PM org.apache.coyote.AbstractProtocol start
INFORMAÇÕES: Starting ProtocolHandler ["http-bio-8080"]
Dez 06, 2014 3:34:26 PM org.apache.coyote.AbstractProtocol start
INFORMAÇÕES: Starting ProtocolHandler ["ajp-bio-8009"]
Dez 06, 2014 3:34:26 PM org.apache.catalina.startup.Catalina start
INFORMAÇÕES: Server startup in 1118 ms
Dez 06, 2014 3:42:08 PM org.apache.catalina.startup.HostConfig deleteRedeployResources
INFORMAÇÕES: Undeploying context []
Dez 06, 2014 3:42:09 PM org.apache.catalina.startup.HostConfig deployWAR
INFORMAÇÕES: Deploying web application archive /home/douglas/grupo05/apache-tomcat-7.0.47/webapps/ROOT.war
Dez 06, 2014 3:42:10 PM org.apache.catalina.core.StandardServer await
INFORMAÇÕES: A valid shutdown command was received via the shutdown port. Stopping the Server instance.
Dez 06, 2014 3:42:10 PM org.apache.coyote.AbstractProtocol pause
INFORMAÇÕES: Pausing ProtocolHandler ["http-bio-8080"]
Dez 06, 2014 3:42:10 PM org.apache.coyote.AbstractProtocol pause
INFORMAÇÕES: Pausing ProtocolHandler ["ajp-bio-8009"]
Dez 06, 2014 3:42:10 PM org.apache.catalina.core.StandardService stopInternal
INFORMAÇÕES: Stopping service Catalina
Dez 06, 2014 3:42:10 PM org.apache.catalina.startup.HostConfig deployWARs
GRAVE: Error waiting for multi-thread deployment of WAR files to complete
java.lang.InterruptedException
	at java.util.concurrent.FutureTask.awaitDone(FutureTask.java:400)
	at java.util.concurrent.FutureTask.get(FutureTask.java:187)
	at org.apache.catalina.startup.HostConfig.deployWARs(HostConfig.java:772)
	at org.apache.catalina.startup.HostConfig.deployApps(HostConfig.java:483)
	at org.apache.catalina.startup.HostConfig.check(HostConfig.java:1455)
	at org.apache.catalina.startup.HostConfig.lifecycleEvent(HostConfig.java:322)
	at org.apache.catalina.util.LifecycleSupport.fireLifecycleEvent(LifecycleSupport.java:119)
	at org.apache.catalina.util.LifecycleBase.fireLifecycleEvent(LifecycleBase.java:90)
	at org.apache.catalina.core.ContainerBase.backgroundProcess(ContainerBase.java:1374)
	at org.apache.catalina.core.ContainerBase$ContainerBackgroundProcessor.processChildren(ContainerBase.java:1530)
	at org.apache.catalina.core.ContainerBase$ContainerBackgroundProcessor.processChildren(ContainerBase.java:1540)
	at org.apache.catalina.core.ContainerBase$ContainerBackgroundProcessor.run(ContainerBase.java:1519)
	at java.lang.Thread.run(Thread.java:745)

15:42:10,879  INFO [BasicConfiguration  ] Using class br.com.caelum.vraptor.ioc.spring.SpringProvider as Container Provider
15:42:10,887  INFO [DefaultSpringLocator] No application context found
15:42:10,926  INFO [BasicConfiguration  ] br.com.caelum.vraptor.scanning = null
15:42:10,926  INFO [WebAppBootstrapFactory] Dynamic WebAppBootstrap found.
15:42:11,040  INFO [AnnotationConfigWebApplicationContext] Refreshing Root WebApplicationContext: startup date [Sat Dec 06 15:42:11 BRST 2014]; root of context hierarchy
15:42:11,094  INFO [ClassPathBeanDefinitionScanner] JSR-250 'javax.annotation.ManagedBean' found and supported for component scanning
log4j:WARN No appenders could be found for logger (org.hibernate.validator.Version).
log4j:WARN Please initialize the log4j system properly.
log4j:WARN See http://logging.apache.org/log4j/1.2/faq.html#noconfig for more info.
15:42:11,242  INFO [DefaultListableBeanFactory] Overriding bean definition for bean 'org.springframework.context.annotation.internalAutowiredAnnotationProcessor': replacing [Root bean: class [org.springframework.beans.factory.annotation.AutowiredAnnotationBeanPostProcessor]; scope=; abstract=false; lazyInit=false; autowireMode=0; dependencyCheck=0; autowireCandidate=true; primary=false; factoryBeanName=null; factoryMethodName=null; initMethodName=null; destroyMethodName=null] with [Root bean: class [br.com.caelum.vraptor.ioc.spring.InjectionBeanPostProcessor]; scope=; abstract=false; lazyInit=false; autowireMode=0; dependencyCheck=0; autowireCandidate=true; primary=false; factoryBeanName=null; factoryMethodName=null; initMethodName=null; destroyMethodName=null]
15:42:11,336  INFO [DefaultListableBeanFactory] Pre-instantiating singletons in org.springframework.beans.factory.support.DefaultListableBeanFactory@6c1a3731: defining beans [org.springframework.context.annotation.internalConfigurationAnnotationProcessor,org.springframework.context.annotation.internalAutowiredAnnotationProcessor,org.springframework.context.annotation.internalRequiredAnnotationProcessor,org.springframework.context.annotation.internalCommonAnnotationProcessor,hibernateProxyInitializer,encodingHandlerFactory,defaultStaticContentHandler,defaultTypeFinder,defaultMultipartConfig,defaultDeserializers,defaultRoutes,defaultConverters,topologicalSortedInterceptorRegistry,objenesisInstanceCreator,noRoutesConfiguration,defaultTypeNameExtractor,defaultResourceTranslator,paranamerNameProvider,defaultAcceptHeaderToFormat,pathAnnotationRoutesParser,defaultResourceNotFoundHandler,defaultRouter,cglibProxifier,defaultRestDefaults,interceptorListPriorToExecutionExtractor,XStreamConverters.NullConverter,javaEvaluator,defaultMethodNotAllowedHandler,defaultInterceptorHandlerFactory,stereotypeHandler,converterHandler,interceptorStereotypeHandler,deserializesHandler,stereotypedBeansRegistrar,defaultSpringLocator,VRaptorDependencyProvider,defaultValidator,XStreamXMLSerialization,jstlLocalization,deserializingInterceptor,replicatorOutjector,defaultRestHeadersHandler,defaultLogicResult,outjectResult,XStreamJSONSerialization,flashInterceptor,resourceLookupInterceptor,instantiateInterceptor,defaultFormatResolver,XStreamJSONPSerialization,defaultServletFileUploadCreator,XStreamXMLDeserializer,defaultResult,VRaptorParameterNamesProvider,defaultStatus,defaultHttpResult,VRaptorInstantiator,defaultMethodInfo,executeMethodInterceptor,forwardToDefaultViewInterceptor,commonsUploadMultipartInterceptor,exceptionHandlerInterceptor,sessionFlashScope,defaultPageResult,defaultValidationViewsFactory,messageConverter,defaultPathResolver,defaultRefererResult,iogiParametersProvider,XStreamConverters,emptyResult,hibernateValidator3,defaultExceptionMapper,defaultRepresentationResult,HTMLSerialization,jsonDeserializer,parametersInstantiatorInterceptor,applicationConfiguration,downloadInterceptor,primitiveBooleanConverter,longConverter,floatConverter,primitiveIntConverter,localeBasedDateConverter,enumConverter,integerConverter,primitiveCharConverter,characterConverter,localeBasedCalendarConverter,byteConverter,primitiveByteConverter,booleanConverter,primitiveLongConverter,primitiveDoubleConverter,bigDecimalConverter,primitiveShortConverter,uploadedFileConverter,shortConverter,primitiveFloatConverter,doubleConverter,stringConverter,bigIntegerConverter,VRaptorRequestProvider,httpServletRequestProvider,httpServletResponseProvider,httpSessionProvider,enhancedRequestExecution,XStreamBuilderImpl,defaultInterceptorStack,org.springframework.aop.config.internalAutoProxyCreator,criadorDeSessionFactory,testResultController,fileController,xmlFileDao,indexController,criadorDeSessao]; root of factory hierarchy
15:42:12,270  INFO [DefaultConverters   ] Registering bundled converters
15:42:12,287  INFO [LinkToHandler       ] Registering linkTo component
15:42:12,334  INFO [DefaultRouteBuilder ] /results                                          [ALL] -> TestResultController.results(Model)
15:42:12,335  INFO [DefaultRouteBuilder ] /file/faq                                         [ALL] -> FileController.faq()
15:42:12,346  INFO [DefaultRouteBuilder ] /file/uploadFile                                  [POST] -> FileController.uploadFile(UploadedFile)
15:42:12,346  INFO [DefaultRouteBuilder ] /file/view                                        [ALL] -> FileController.view()
15:42:12,347  INFO [DefaultRouteBuilder ] /file/upload                                      [ALL] -> FileController.upload()
15:42:12,347  INFO [DefaultRouteBuilder ] /file/list                                        [ALL] -> FileController.list()
15:42:12,349  INFO [DefaultRouteBuilder ] /file/getFile/{fileId}                            [GET] -> FileController.getFile(String)
15:42:12,349  INFO [DefaultRouteBuilder ] /                                                 [ALL] -> IndexController.index()
15:42:12,354  INFO [VRaptor             ] VRaptor 3.4.1 successfuly initialized
15:42:12,357  INFO [AnnotationConfigWebApplicationContext] Closing Root WebApplicationContext: startup date [Sat Dec 06 15:42:11 BRST 2014]; root of context hierarchy
15:42:12,358  INFO [DefaultListableBeanFactory] Destroying singletons in org.springframework.beans.factory.support.DefaultListableBeanFactory@6c1a3731: defining beans [org.springframework.context.annotation.internalConfigurationAnnotationProcessor,org.springframework.context.annotation.internalAutowiredAnnotationProcessor,org.springframework.context.annotation.internalRequiredAnnotationProcessor,org.springframework.context.annotation.internalCommonAnnotationProcessor,hibernateProxyInitializer,encodingHandlerFactory,defaultStaticContentHandler,defaultTypeFinder,defaultMultipartConfig,defaultDeserializers,defaultRoutes,defaultConverters,topologicalSortedInterceptorRegistry,objenesisInstanceCreator,noRoutesConfiguration,defaultTypeNameExtractor,defaultResourceTranslator,paranamerNameProvider,defaultAcceptHeaderToFormat,pathAnnotationRoutesParser,defaultResourceNotFoundHandler,defaultRouter,cglibProxifier,defaultRestDefaults,interceptorListPriorToExecutionExtractor,XStreamConverters.NullConverter,javaEvaluator,defaultMethodNotAllowedHandler,defaultInterceptorHandlerFactory,stereotypeHandler,converterHandler,interceptorStereotypeHandler,deserializesHandler,stereotypedBeansRegistrar,defaultSpringLocator,VRaptorDependencyProvider,defaultValidator,XStreamXMLSerialization,jstlLocalization,deserializingInterceptor,replicatorOutjector,defaultRestHeadersHandler,defaultLogicResult,outjectResult,XStreamJSONSerialization,flashInterceptor,resourceLookupInterceptor,instantiateInterceptor,defaultFormatResolver,XStreamJSONPSerialization,defaultServletFileUploadCreator,XStreamXMLDeserializer,defaultResult,VRaptorParameterNamesProvider,defaultStatus,defaultHttpResult,VRaptorInstantiator,defaultMethodInfo,executeMethodInterceptor,forwardToDefaultViewInterceptor,commonsUploadMultipartInterceptor,exceptionHandlerInterceptor,sessionFlashScope,defaultPageResult,defaultValidationViewsFactory,messageConverter,defaultPathResolver,defaultRefererResult,iogiParametersProvider,XStreamConverters,emptyResult,hibernateValidator3,defaultExceptionMapper,defaultRepresentationResult,HTMLSerialization,jsonDeserializer,parametersInstantiatorInterceptor,applicationConfiguration,downloadInterceptor,primitiveBooleanConverter,longConverter,floatConverter,primitiveIntConverter,localeBasedDateConverter,enumConverter,integerConverter,primitiveCharConverter,characterConverter,localeBasedCalendarConverter,byteConverter,primitiveByteConverter,booleanConverter,primitiveLongConverter,primitiveDoubleConverter,bigDecimalConverter,primitiveShortConverter,uploadedFileConverter,shortConverter,primitiveFloatConverter,doubleConverter,stringConverter,bigIntegerConverter,VRaptorRequestProvider,httpServletRequestProvider,httpServletResponseProvider,httpSessionProvider,enhancedRequestExecution,XStreamBuilderImpl,defaultInterceptorStack,org.springframework.aop.config.internalAutoProxyCreator,criadorDeSessionFactory,testResultController,fileController,xmlFileDao,indexController,criadorDeSessao]; root of factory hierarchy
Dez 06, 2014 3:42:12 PM org.apache.catalina.loader.WebappClassLoader clearReferencesJdbc
GRAVE: The web application [] registered the JDBC driver [com.mysql.jdbc.Driver] but failed to unregister it when the web application was stopped. To prevent a memory leak, the JDBC Driver has been forcibly unregistered.
Dez 06, 2014 3:42:12 PM org.apache.coyote.AbstractProtocol stop
INFORMAÇÕES: Stopping ProtocolHandler ["http-bio-8080"]
Dez 06, 2014 3:42:12 PM org.apache.coyote.AbstractProtocol stop
INFORMAÇÕES: Stopping ProtocolHandler ["ajp-bio-8009"]
Dez 06, 2014 3:42:12 PM org.apache.coyote.AbstractProtocol destroy
INFORMAÇÕES: Destroying ProtocolHandler ["http-bio-8080"]
Dez 06, 2014 3:42:12 PM org.apache.coyote.AbstractProtocol destroy
INFORMAÇÕES: Destroying ProtocolHandler ["ajp-bio-8009"]
Dez 06, 2014 3:42:14 PM org.apache.catalina.core.AprLifecycleListener init
INFORMAÇÕES: The APR based Apache Tomcat Native library which allows optimal performance in production environments was not found on the java.library.path: /usr/java/packages/lib/amd64:/usr/lib/x86_64-linux-gnu/jni:/lib/x86_64-linux-gnu:/usr/lib/x86_64-linux-gnu:/usr/lib/jni:/lib:/usr/lib
Dez 06, 2014 3:42:14 PM org.apache.coyote.AbstractProtocol init
INFORMAÇÕES: Initializing ProtocolHandler ["http-bio-8080"]
Dez 06, 2014 3:42:14 PM org.apache.coyote.AbstractProtocol init
INFORMAÇÕES: Initializing ProtocolHandler ["ajp-bio-8009"]
Dez 06, 2014 3:42:14 PM org.apache.catalina.startup.Catalina load
INFORMAÇÕES: Initialization processed in 541 ms
Dez 06, 2014 3:42:14 PM org.apache.catalina.core.StandardService startInternal
INFORMAÇÕES: Starting service Catalina
Dez 06, 2014 3:42:14 PM org.apache.catalina.core.StandardEngine startInternal
INFORMAÇÕES: Starting Servlet Engine: Apache Tomcat/7.0.47
Dez 06, 2014 3:42:14 PM org.apache.catalina.startup.HostConfig deployWAR
INFORMAÇÕES: Deploying web application archive /home/douglas/grupo05/apache-tomcat-7.0.47/webapps/ROOT.war
15:42:16,567  INFO [BasicConfiguration  ] Using class br.com.caelum.vraptor.ioc.spring.SpringProvider as Container Provider
15:42:16,575  INFO [DefaultSpringLocator] No application context found
15:42:16,609  INFO [BasicConfiguration  ] br.com.caelum.vraptor.scanning = null
15:42:16,609  INFO [WebAppBootstrapFactory] Dynamic WebAppBootstrap found.
15:42:16,711  INFO [AnnotationConfigWebApplicationContext] Refreshing Root WebApplicationContext: startup date [Sat Dec 06 15:42:16 BRST 2014]; root of context hierarchy
15:42:16,892  INFO [ClassPathBeanDefinitionScanner] JSR-250 'javax.annotation.ManagedBean' found and supported for component scanning
log4j:WARN No appenders could be found for logger (org.hibernate.validator.Version).
log4j:WARN Please initialize the log4j system properly.
log4j:WARN See http://logging.apache.org/log4j/1.2/faq.html#noconfig for more info.
15:42:17,054  INFO [DefaultListableBeanFactory] Overriding bean definition for bean 'org.springframework.context.annotation.internalAutowiredAnnotationProcessor': replacing [Root bean: class [org.springframework.beans.factory.annotation.AutowiredAnnotationBeanPostProcessor]; scope=; abstract=false; lazyInit=false; autowireMode=0; dependencyCheck=0; autowireCandidate=true; primary=false; factoryBeanName=null; factoryMethodName=null; initMethodName=null; destroyMethodName=null] with [Root bean: class [br.com.caelum.vraptor.ioc.spring.InjectionBeanPostProcessor]; scope=; abstract=false; lazyInit=false; autowireMode=0; dependencyCheck=0; autowireCandidate=true; primary=false; factoryBeanName=null; factoryMethodName=null; initMethodName=null; destroyMethodName=null]
15:42:17,152  INFO [DefaultListableBeanFactory] Pre-instantiating singletons in org.springframework.beans.factory.support.DefaultListableBeanFactory@5c3e95fd: defining beans [org.springframework.context.annotation.internalConfigurationAnnotationProcessor,org.springframework.context.annotation.internalAutowiredAnnotationProcessor,org.springframework.context.annotation.internalRequiredAnnotationProcessor,org.springframework.context.annotation.internalCommonAnnotationProcessor,defaultRoutes,defaultConverters,defaultResourceNotFoundHandler,defaultMethodNotAllowedHandler,cglibProxifier,hibernateProxyInitializer,objenesisInstanceCreator,defaultDeserializers,noRoutesConfiguration,defaultAcceptHeaderToFormat,defaultMultipartConfig,pathAnnotationRoutesParser,defaultRouter,javaEvaluator,XStreamConverters.NullConverter,defaultInterceptorHandlerFactory,paranamerNameProvider,defaultTypeNameExtractor,defaultRestDefaults,interceptorListPriorToExecutionExtractor,defaultTypeFinder,encodingHandlerFactory,topologicalSortedInterceptorRegistry,defaultStaticContentHandler,defaultResourceTranslator,stereotypeHandler,converterHandler,interceptorStereotypeHandler,deserializesHandler,stereotypedBeansRegistrar,defaultSpringLocator,sessionFlashScope,defaultLogicResult,VRaptorParameterNamesProvider,defaultValidationViewsFactory,commonsUploadMultipartInterceptor,deserializingInterceptor,defaultValidator,exceptionHandlerInterceptor,XStreamJSONPSerialization,VRaptorInstantiator,downloadInterceptor,defaultFormatResolver,XStreamXMLDeserializer,defaultServletFileUploadCreator,XStreamConverters,VRaptorDependencyProvider,jsonDeserializer,jstlLocalization,instantiateInterceptor,parametersInstantiatorInterceptor,XStreamJSONSerialization,replicatorOutjector,defaultPageResult,defaultMethodInfo,resourceLookupInterceptor,defaultRestHeadersHandler,defaultRepresentationResult,HTMLSerialization,XStreamXMLSerialization,emptyResult,executeMethodInterceptor,outjectResult,defaultPathResolver,defaultHttpResult,defaultResult,forwardToDefaultViewInterceptor,messageConverter,defaultStatus,defaultRefererResult,defaultExceptionMapper,iogiParametersProvider,applicationConfiguration,hibernateValidator3,flashInterceptor,shortConverter,localeBasedDateConverter,doubleConverter,uploadedFileConverter,primitiveIntConverter,bigDecimalConverter,primitiveCharConverter,primitiveBooleanConverter,enumConverter,primitiveLongConverter,stringConverter,primitiveShortConverter,integerConverter,primitiveFloatConverter,primitiveDoubleConverter,byteConverter,localeBasedCalendarConverter,characterConverter,primitiveByteConverter,floatConverter,booleanConverter,longConverter,bigIntegerConverter,VRaptorRequestProvider,httpServletRequestProvider,httpServletResponseProvider,httpSessionProvider,defaultInterceptorStack,XStreamBuilderImpl,enhancedRequestExecution,org.springframework.aop.config.internalAutoProxyCreator,testResultController,indexController,xmlFileDao,criadorDeSessionFactory,criadorDeSessao,fileController]; root of factory hierarchy
15:42:18,092  INFO [DefaultConverters   ] Registering bundled converters
15:42:18,128  INFO [LinkToHandler       ] Registering linkTo component
15:42:18,224  INFO [DefaultRouteBuilder ] /results                                          [ALL] -> TestResultController.results(Model)
15:42:18,225  INFO [DefaultRouteBuilder ] /                                                 [ALL] -> IndexController.index()
15:42:18,247  INFO [DefaultRouteBuilder ] /file/uploadFile                                  [POST] -> FileController.uploadFile(UploadedFile)
15:42:18,247  INFO [DefaultRouteBuilder ] /file/faq                                         [ALL] -> FileController.faq()
15:42:18,248  INFO [DefaultRouteBuilder ] /file/view                                        [ALL] -> FileController.view()
15:42:18,248  INFO [DefaultRouteBuilder ] /file/upload                                      [ALL] -> FileController.upload()
15:42:18,249  INFO [DefaultRouteBuilder ] /file/list                                        [ALL] -> FileController.list()
15:42:18,253  INFO [DefaultRouteBuilder ] /file/getFile/{fileId}                            [GET] -> FileController.getFile(String)
15:42:18,258  INFO [VRaptor             ] VRaptor 3.4.1 successfuly initialized
Dez 06, 2014 3:42:18 PM org.apache.catalina.startup.HostConfig deployDirectory
INFORMAÇÕES: Deploying web application directory /home/douglas/grupo05/apache-tomcat-7.0.47/webapps/docs
Dez 06, 2014 3:42:18 PM org.apache.catalina.startup.HostConfig deployDirectory
INFORMAÇÕES: Deploying web application directory /home/douglas/grupo05/apache-tomcat-7.0.47/webapps/manager
Dez 06, 2014 3:42:18 PM org.apache.catalina.startup.HostConfig deployDirectory
INFORMAÇÕES: Deploying web application directory /home/douglas/grupo05/apache-tomcat-7.0.47/webapps/examples
Dez 06, 2014 3:42:18 PM org.apache.catalina.startup.HostConfig deployDirectory
INFORMAÇÕES: Deploying web application directory /home/douglas/grupo05/apache-tomcat-7.0.47/webapps/host-manager
Dez 06, 2014 3:42:18 PM org.apache.coyote.AbstractProtocol start
INFORMAÇÕES: Starting ProtocolHandler ["http-bio-8080"]
Dez 06, 2014 3:42:18 PM org.apache.coyote.AbstractProtocol start
INFORMAÇÕES: Starting ProtocolHandler ["ajp-bio-8009"]
Dez 06, 2014 3:42:18 PM org.apache.catalina.startup.Catalina start
INFORMAÇÕES: Server startup in 4243 ms
Hibernate: 
    select
        this_.id as y0_ 
    from
        XmlFile this_
Dez 06, 2014 3:42:31 PM org.apache.jasper.compiler.TldLocationsCache tldScanJar
INFORMAÇÕES: At least one JAR was scanned for TLDs yet contained no TLDs. Enable debug logging for this logger for a complete list of JARs that were scanned but no TLDs were found in them. Skipping unneeded JARs during scanning can improve startup time and JSP compilation time.
Hibernate: 
    select
        this_.id as id0_0_,
        this_.content as content0_0_,
        this_.name as name0_0_,
        this_.timestamp as timestamp0_0_ 
    from
        XmlFile this_ 
    where
        this_.id=?
Hibernate: 
    select
        this_.id as id0_0_,
        this_.content as content0_0_,
        this_.name as name0_0_,
        this_.timestamp as timestamp0_0_ 
    from
        XmlFile this_ 
    where
        this_.id=?
15:44:02,881  INFO [CommonsUploadMultipartInterceptor] Request contains multipart data. Try to parse with commons-upload.
Hibernate: 
    insert 
    into
        XmlFile
        (content, name, timestamp) 
    values
        (?, ?, ?)
Dez 06, 2014 3:47:01 PM org.apache.catalina.core.StandardServer await
INFORMAÇÕES: A valid shutdown command was received via the shutdown port. Stopping the Server instance.
Dez 06, 2014 3:47:01 PM org.apache.coyote.AbstractProtocol pause
INFORMAÇÕES: Pausing ProtocolHandler ["http-bio-8080"]
Dez 06, 2014 3:47:01 PM org.apache.coyote.AbstractProtocol pause
INFORMAÇÕES: Pausing ProtocolHandler ["ajp-bio-8009"]
Dez 06, 2014 3:47:01 PM org.apache.catalina.core.StandardService stopInternal
INFORMAÇÕES: Stopping service Catalina
15:47:02,002  INFO [AnnotationConfigWebApplicationContext] Closing Root WebApplicationContext: startup date [Sat Dec 06 15:42:16 BRST 2014]; root of context hierarchy
15:47:02,003  INFO [DefaultListableBeanFactory] Destroying singletons in org.springframework.beans.factory.support.DefaultListableBeanFactory@5c3e95fd: defining beans [org.springframework.context.annotation.internalConfigurationAnnotationProcessor,org.springframework.context.annotation.internalAutowiredAnnotationProcessor,org.springframework.context.annotation.internalRequiredAnnotationProcessor,org.springframework.context.annotation.internalCommonAnnotationProcessor,defaultRoutes,defaultConverters,defaultResourceNotFoundHandler,defaultMethodNotAllowedHandler,cglibProxifier,hibernateProxyInitializer,objenesisInstanceCreator,defaultDeserializers,noRoutesConfiguration,defaultAcceptHeaderToFormat,defaultMultipartConfig,pathAnnotationRoutesParser,defaultRouter,javaEvaluator,XStreamConverters.NullConverter,defaultInterceptorHandlerFactory,paranamerNameProvider,defaultTypeNameExtractor,defaultRestDefaults,interceptorListPriorToExecutionExtractor,defaultTypeFinder,encodingHandlerFactory,topologicalSortedInterceptorRegistry,defaultStaticContentHandler,defaultResourceTranslator,stereotypeHandler,converterHandler,interceptorStereotypeHandler,deserializesHandler,stereotypedBeansRegistrar,defaultSpringLocator,sessionFlashScope,defaultLogicResult,VRaptorParameterNamesProvider,defaultValidationViewsFactory,commonsUploadMultipartInterceptor,deserializingInterceptor,defaultValidator,exceptionHandlerInterceptor,XStreamJSONPSerialization,VRaptorInstantiator,downloadInterceptor,defaultFormatResolver,XStreamXMLDeserializer,defaultServletFileUploadCreator,XStreamConverters,VRaptorDependencyProvider,jsonDeserializer,jstlLocalization,instantiateInterceptor,parametersInstantiatorInterceptor,XStreamJSONSerialization,replicatorOutjector,defaultPageResult,defaultMethodInfo,resourceLookupInterceptor,defaultRestHeadersHandler,defaultRepresentationResult,HTMLSerialization,XStreamXMLSerialization,emptyResult,executeMethodInterceptor,outjectResult,defaultPathResolver,defaultHttpResult,defaultResult,forwardToDefaultViewInterceptor,messageConverter,defaultStatus,defaultRefererResult,defaultExceptionMapper,iogiParametersProvider,applicationConfiguration,hibernateValidator3,flashInterceptor,shortConverter,localeBasedDateConverter,doubleConverter,uploadedFileConverter,primitiveIntConverter,bigDecimalConverter,primitiveCharConverter,primitiveBooleanConverter,enumConverter,primitiveLongConverter,stringConverter,primitiveShortConverter,integerConverter,primitiveFloatConverter,primitiveDoubleConverter,byteConverter,localeBasedCalendarConverter,characterConverter,primitiveByteConverter,floatConverter,booleanConverter,longConverter,bigIntegerConverter,VRaptorRequestProvider,httpServletRequestProvider,httpServletResponseProvider,httpSessionProvider,defaultInterceptorStack,XStreamBuilderImpl,enhancedRequestExecution,org.springframework.aop.config.internalAutoProxyCreator,testResultController,indexController,xmlFileDao,criadorDeSessionFactory,criadorDeSessao,fileController]; root of factory hierarchy
Dez 06, 2014 3:47:02 PM org.apache.catalina.loader.WebappClassLoader clearReferencesJdbc
GRAVE: The web application [] registered the JDBC driver [com.mysql.jdbc.Driver] but failed to unregister it when the web application was stopped. To prevent a memory leak, the JDBC Driver has been forcibly unregistered.
Dez 06, 2014 3:47:02 PM org.apache.coyote.AbstractProtocol stop
INFORMAÇÕES: Stopping ProtocolHandler ["http-bio-8080"]
Dez 06, 2014 3:47:02 PM org.apache.coyote.AbstractProtocol stop
INFORMAÇÕES: Stopping ProtocolHandler ["ajp-bio-8009"]
Dez 06, 2014 3:47:02 PM org.apache.coyote.AbstractProtocol destroy
INFORMAÇÕES: Destroying ProtocolHandler ["http-bio-8080"]
Dez 06, 2014 3:47:02 PM org.apache.coyote.AbstractProtocol destroy
INFORMAÇÕES: Destroying ProtocolHandler ["ajp-bio-8009"]
Dez 08, 2014 6:33:22 PM org.apache.catalina.core.AprLifecycleListener init
INFORMAÇÕES: The APR based Apache Tomcat Native library which allows optimal performance in production environments was not found on the java.library.path: /usr/java/packages/lib/amd64:/usr/lib/x86_64-linux-gnu/jni:/lib/x86_64-linux-gnu:/usr/lib/x86_64-linux-gnu:/usr/lib/jni:/lib:/usr/lib
Dez 08, 2014 6:33:23 PM org.apache.coyote.AbstractProtocol init
INFORMAÇÕES: Initializing ProtocolHandler ["http-bio-8080"]
Dez 08, 2014 6:33:23 PM org.apache.coyote.AbstractProtocol init
INFORMAÇÕES: Initializing ProtocolHandler ["ajp-bio-8009"]
Dez 08, 2014 6:33:23 PM org.apache.catalina.startup.Catalina load
INFORMAÇÕES: Initialization processed in 537 ms
Dez 08, 2014 6:33:23 PM org.apache.catalina.core.StandardService startInternal
INFORMAÇÕES: Starting service Catalina
Dez 08, 2014 6:33:23 PM org.apache.catalina.core.StandardEngine startInternal
INFORMAÇÕES: Starting Servlet Engine: Apache Tomcat/7.0.47
Dez 08, 2014 6:33:23 PM org.apache.catalina.startup.HostConfig deployWAR
INFORMAÇÕES: Deploying web application archive /home/douglas/grupo05/apache-tomcat-7.0.47/webapps/ROOT.war
18:33:25,354  INFO [BasicConfiguration  ] Using class br.com.caelum.vraptor.ioc.spring.SpringProvider as Container Provider
18:33:25,368  INFO [DefaultSpringLocator] No application context found
18:33:25,418  INFO [BasicConfiguration  ] br.com.caelum.vraptor.scanning = null
18:33:25,418  INFO [WebAppBootstrapFactory] Dynamic WebAppBootstrap found.
18:33:25,561  INFO [AnnotationConfigWebApplicationContext] Refreshing Root WebApplicationContext: startup date [Mon Dec 08 18:33:25 BRST 2014]; root of context hierarchy
18:33:25,632  INFO [ClassPathBeanDefinitionScanner] JSR-250 'javax.annotation.ManagedBean' found and supported for component scanning
log4j:WARN No appenders could be found for logger (org.hibernate.validator.Version).
log4j:WARN Please initialize the log4j system properly.
log4j:WARN See http://logging.apache.org/log4j/1.2/faq.html#noconfig for more info.
18:33:25,818  INFO [DefaultListableBeanFactory] Overriding bean definition for bean 'org.springframework.context.annotation.internalAutowiredAnnotationProcessor': replacing [Root bean: class [org.springframework.beans.factory.annotation.AutowiredAnnotationBeanPostProcessor]; scope=; abstract=false; lazyInit=false; autowireMode=0; dependencyCheck=0; autowireCandidate=true; primary=false; factoryBeanName=null; factoryMethodName=null; initMethodName=null; destroyMethodName=null] with [Root bean: class [br.com.caelum.vraptor.ioc.spring.InjectionBeanPostProcessor]; scope=; abstract=false; lazyInit=false; autowireMode=0; dependencyCheck=0; autowireCandidate=true; primary=false; factoryBeanName=null; factoryMethodName=null; initMethodName=null; destroyMethodName=null]
18:33:25,935  INFO [DefaultListableBeanFactory] Pre-instantiating singletons in org.springframework.beans.factory.support.DefaultListableBeanFactory@45bd30c: defining beans [org.springframework.context.annotation.internalConfigurationAnnotationProcessor,org.springframework.context.annotation.internalAutowiredAnnotationProcessor,org.springframework.context.annotation.internalRequiredAnnotationProcessor,org.springframework.context.annotation.internalCommonAnnotationProcessor,defaultRouter,defaultStaticContentHandler,defaultInterceptorHandlerFactory,defaultRoutes,javaEvaluator,defaultDeserializers,defaultAcceptHeaderToFormat,paranamerNameProvider,defaultTypeFinder,defaultTypeNameExtractor,encodingHandlerFactory,objenesisInstanceCreator,hibernateProxyInitializer,XStreamConverters.NullConverter,cglibProxifier,defaultMultipartConfig,defaultConverters,pathAnnotationRoutesParser,defaultResourceNotFoundHandler,interceptorListPriorToExecutionExtractor,noRoutesConfiguration,defaultMethodNotAllowedHandler,topologicalSortedInterceptorRegistry,defaultResourceTranslator,defaultRestDefaults,stereotypeHandler,converterHandler,interceptorStereotypeHandler,deserializesHandler,stereotypedBeansRegistrar,defaultSpringLocator,outjectResult,XStreamConverters,defaultHttpResult,jsonDeserializer,VRaptorParameterNamesProvider,hibernateValidator3,defaultLogicResult,emptyResult,exceptionHandlerInterceptor,downloadInterceptor,defaultResult,XStreamXMLSerialization,XStreamXMLDeserializer,XStreamJSONSerialization,defaultRefererResult,deserializingInterceptor,iogiParametersProvider,flashInterceptor,jstlLocalization,defaultPageResult,defaultPathResolver,defaultValidator,executeMethodInterceptor,VRaptorDependencyProvider,VRaptorInstantiator,XStreamJSONPSerialization,replicatorOutjector,defaultStatus,commonsUploadMultipartInterceptor,forwardToDefaultViewInterceptor,messageConverter,defaultValidationViewsFactory,defaultMethodInfo,applicationConfiguration,sessionFlashScope,resourceLookupInterceptor,defaultRepresentationResult,defaultServletFileUploadCreator,parametersInstantiatorInterceptor,HTMLSerialization,defaultExceptionMapper,instantiateInterceptor,defaultFormatResolver,defaultRestHeadersHandler,localeBasedCalendarConverter,integerConverter,primitiveBooleanConverter,stringConverter,primitiveDoubleConverter,byteConverter,primitiveFloatConverter,primitiveCharConverter,enumConverter,bigDecimalConverter,localeBasedDateConverter,primitiveIntConverter,primitiveShortConverter,booleanConverter,shortConverter,floatConverter,longConverter,bigIntegerConverter,uploadedFileConverter,primitiveByteConverter,primitiveLongConverter,doubleConverter,characterConverter,VRaptorRequestProvider,httpServletRequestProvider,httpServletResponseProvider,httpSessionProvider,defaultInterceptorStack,XStreamBuilderImpl,enhancedRequestExecution,org.springframework.aop.config.internalAutoProxyCreator,fileController,criadorDeSessionFactory,testResultController,xmlFileDao,indexController,criadorDeSessao]; root of factory hierarchy
18:37:41,791  INFO [DefaultConverters   ] Registering bundled converters
18:37:41,815  INFO [LinkToHandler       ] Registering linkTo component
18:37:41,876  INFO [DefaultRouteBuilder ] /file/faq                                         [ALL] -> FileController.faq()
18:37:41,894  INFO [DefaultRouteBuilder ] /file/uploadFile                                  [POST] -> FileController.uploadFile(UploadedFile)
18:37:41,895  INFO [DefaultRouteBuilder ] /file/view                                        [ALL] -> FileController.view()
18:37:41,895  INFO [DefaultRouteBuilder ] /file/upload                                      [ALL] -> FileController.upload()
18:37:41,896  INFO [DefaultRouteBuilder ] /file/list                                        [ALL] -> FileController.list()
18:37:41,898  INFO [DefaultRouteBuilder ] /file/getFile/{fileId}                            [GET] -> FileController.getFile(String)
18:37:41,899  INFO [DefaultRouteBuilder ] /results                                          [ALL] -> TestResultController.results(Model)
18:37:41,900  INFO [DefaultRouteBuilder ] /                                                 [ALL] -> IndexController.index()
18:37:41,907  INFO [VRaptor             ] VRaptor 3.4.1 successfuly initialized
Dez 08, 2014 6:37:41 PM org.apache.catalina.startup.HostConfig deployDirectory
INFORMAÇÕES: Deploying web application directory /home/douglas/grupo05/apache-tomcat-7.0.47/webapps/docs
Dez 08, 2014 6:37:41 PM org.apache.catalina.startup.HostConfig deployDirectory
INFORMAÇÕES: Deploying web application directory /home/douglas/grupo05/apache-tomcat-7.0.47/webapps/manager
Dez 08, 2014 6:37:42 PM org.apache.catalina.startup.HostConfig deployDirectory
INFORMAÇÕES: Deploying web application directory /home/douglas/grupo05/apache-tomcat-7.0.47/webapps/examples
Dez 08, 2014 6:37:42 PM org.apache.catalina.startup.HostConfig deployDirectory
INFORMAÇÕES: Deploying web application directory /home/douglas/grupo05/apache-tomcat-7.0.47/webapps/host-manager
Dez 08, 2014 6:37:42 PM org.apache.coyote.AbstractProtocol start
INFORMAÇÕES: Starting ProtocolHandler ["http-bio-8080"]
Dez 08, 2014 6:37:42 PM org.apache.coyote.AbstractProtocol start
INFORMAÇÕES: Starting ProtocolHandler ["ajp-bio-8009"]
Dez 08, 2014 6:37:42 PM org.apache.catalina.startup.Catalina start
INFORMAÇÕES: Server startup in 259257 ms
Dez 08, 2014 6:38:34 PM org.apache.catalina.core.AprLifecycleListener init
INFORMAÇÕES: The APR based Apache Tomcat Native library which allows optimal performance in production environments was not found on the java.library.path: /usr/java/packages/lib/amd64:/usr/lib/x86_64-linux-gnu/jni:/lib/x86_64-linux-gnu:/usr/lib/x86_64-linux-gnu:/usr/lib/jni:/lib:/usr/lib
Dez 08, 2014 6:38:34 PM org.apache.coyote.AbstractProtocol init
INFORMAÇÕES: Initializing ProtocolHandler ["http-bio-8080"]
Dez 08, 2014 6:38:34 PM org.apache.coyote.AbstractProtocol init
GRAVE: Failed to initialize end point associated with ProtocolHandler ["http-bio-8080"]
java.net.BindException: Endereço já em uso <null>:8080
	at org.apache.tomcat.util.net.JIoEndpoint.bind(JIoEndpoint.java:407)
	at org.apache.tomcat.util.net.AbstractEndpoint.init(AbstractEndpoint.java:623)
	at org.apache.coyote.AbstractProtocol.init(AbstractProtocol.java:434)
	at org.apache.coyote.http11.AbstractHttp11JsseProtocol.init(AbstractHttp11JsseProtocol.java:119)
	at org.apache.catalina.connector.Connector.initInternal(Connector.java:981)
	at org.apache.catalina.util.LifecycleBase.init(LifecycleBase.java:102)
	at org.apache.catalina.core.StandardService.initInternal(StandardService.java:559)
	at org.apache.catalina.util.LifecycleBase.init(LifecycleBase.java:102)
	at org.apache.catalina.core.StandardServer.initInternal(StandardServer.java:814)
	at org.apache.catalina.util.LifecycleBase.init(LifecycleBase.java:102)
	at org.apache.catalina.startup.Catalina.load(Catalina.java:640)
	at org.apache.catalina.startup.Catalina.load(Catalina.java:665)
	at sun.reflect.NativeMethodAccessorImpl.invoke0(Native Method)
	at sun.reflect.NativeMethodAccessorImpl.invoke(NativeMethodAccessorImpl.java:57)
	at sun.reflect.DelegatingMethodAccessorImpl.invoke(DelegatingMethodAccessorImpl.java:43)
	at java.lang.reflect.Method.invoke(Method.java:606)
	at org.apache.catalina.startup.Bootstrap.load(Bootstrap.java:281)
	at org.apache.catalina.startup.Bootstrap.main(Bootstrap.java:455)
Caused by: java.net.BindException: Endereço já em uso
	at java.net.PlainSocketImpl.socketBind(Native Method)
	at java.net.AbstractPlainSocketImpl.bind(AbstractPlainSocketImpl.java:376)
	at java.net.ServerSocket.bind(ServerSocket.java:376)
	at java.net.ServerSocket.<init>(ServerSocket.java:237)
	at java.net.ServerSocket.<init>(ServerSocket.java:181)
	at org.apache.tomcat.util.net.DefaultServerSocketFactory.createSocket(DefaultServerSocketFactory.java:49)
	at org.apache.tomcat.util.net.JIoEndpoint.bind(JIoEndpoint.java:394)
	... 17 more

Dez 08, 2014 6:38:34 PM org.apache.catalina.core.StandardService initInternal
GRAVE: Failed to initialize connector [Connector[HTTP/1.1-8080]]
org.apache.catalina.LifecycleException: Failed to initialize component [Connector[HTTP/1.1-8080]]
	at org.apache.catalina.util.LifecycleBase.init(LifecycleBase.java:106)
	at org.apache.catalina.core.StandardService.initInternal(StandardService.java:559)
	at org.apache.catalina.util.LifecycleBase.init(LifecycleBase.java:102)
	at org.apache.catalina.core.StandardServer.initInternal(StandardServer.java:814)
	at org.apache.catalina.util.LifecycleBase.init(LifecycleBase.java:102)
	at org.apache.catalina.startup.Catalina.load(Catalina.java:640)
	at org.apache.catalina.startup.Catalina.load(Catalina.java:665)
	at sun.reflect.NativeMethodAccessorImpl.invoke0(Native Method)
	at sun.reflect.NativeMethodAccessorImpl.invoke(NativeMethodAccessorImpl.java:57)
	at sun.reflect.DelegatingMethodAccessorImpl.invoke(DelegatingMethodAccessorImpl.java:43)
	at java.lang.reflect.Method.invoke(Method.java:606)
	at org.apache.catalina.startup.Bootstrap.load(Bootstrap.java:281)
	at org.apache.catalina.startup.Bootstrap.main(Bootstrap.java:455)
Caused by: org.apache.catalina.LifecycleException: Protocol handler initialization failed
	at org.apache.catalina.connector.Connector.initInternal(Connector.java:983)
	at org.apache.catalina.util.LifecycleBase.init(LifecycleBase.java:102)
	... 12 more
Caused by: java.net.BindException: Endereço já em uso <null>:8080
	at org.apache.tomcat.util.net.JIoEndpoint.bind(JIoEndpoint.java:407)
	at org.apache.tomcat.util.net.AbstractEndpoint.init(AbstractEndpoint.java:623)
	at org.apache.coyote.AbstractProtocol.init(AbstractProtocol.java:434)
	at org.apache.coyote.http11.AbstractHttp11JsseProtocol.init(AbstractHttp11JsseProtocol.java:119)
	at org.apache.catalina.connector.Connector.initInternal(Connector.java:981)
	... 13 more
Caused by: java.net.BindException: Endereço já em uso
	at java.net.PlainSocketImpl.socketBind(Native Method)
	at java.net.AbstractPlainSocketImpl.bind(AbstractPlainSocketImpl.java:376)
	at java.net.ServerSocket.bind(ServerSocket.java:376)
	at java.net.ServerSocket.<init>(ServerSocket.java:237)
	at java.net.ServerSocket.<init>(ServerSocket.java:181)
	at org.apache.tomcat.util.net.DefaultServerSocketFactory.createSocket(DefaultServerSocketFactory.java:49)
	at org.apache.tomcat.util.net.JIoEndpoint.bind(JIoEndpoint.java:394)
	... 17 more

Dez 08, 2014 6:38:34 PM org.apache.coyote.AbstractProtocol init
INFORMAÇÕES: Initializing ProtocolHandler ["ajp-bio-8009"]
Dez 08, 2014 6:38:34 PM org.apache.coyote.AbstractProtocol init
GRAVE: Failed to initialize end point associated with ProtocolHandler ["ajp-bio-8009"]
java.net.BindException: Endereço já em uso <null>:8009
	at org.apache.tomcat.util.net.JIoEndpoint.bind(JIoEndpoint.java:407)
	at org.apache.tomcat.util.net.AbstractEndpoint.init(AbstractEndpoint.java:623)
	at org.apache.coyote.AbstractProtocol.init(AbstractProtocol.java:434)
	at org.apache.catalina.connector.Connector.initInternal(Connector.java:981)
	at org.apache.catalina.util.LifecycleBase.init(LifecycleBase.java:102)
	at org.apache.catalina.core.StandardService.initInternal(StandardService.java:559)
	at org.apache.catalina.util.LifecycleBase.init(LifecycleBase.java:102)
	at org.apache.catalina.core.StandardServer.initInternal(StandardServer.java:814)
	at org.apache.catalina.util.LifecycleBase.init(LifecycleBase.java:102)
	at org.apache.catalina.startup.Catalina.load(Catalina.java:640)
	at org.apache.catalina.startup.Catalina.load(Catalina.java:665)
	at sun.reflect.NativeMethodAccessorImpl.invoke0(Native Method)
	at sun.reflect.NativeMethodAccessorImpl.invoke(NativeMethodAccessorImpl.java:57)
	at sun.reflect.DelegatingMethodAccessorImpl.invoke(DelegatingMethodAccessorImpl.java:43)
	at java.lang.reflect.Method.invoke(Method.java:606)
	at org.apache.catalina.startup.Bootstrap.load(Bootstrap.java:281)
	at org.apache.catalina.startup.Bootstrap.main(Bootstrap.java:455)
Caused by: java.net.BindException: Endereço já em uso
	at java.net.PlainSocketImpl.socketBind(Native Method)
	at java.net.AbstractPlainSocketImpl.bind(AbstractPlainSocketImpl.java:376)
	at java.net.ServerSocket.bind(ServerSocket.java:376)
	at java.net.ServerSocket.<init>(ServerSocket.java:237)
	at java.net.ServerSocket.<init>(ServerSocket.java:181)
	at org.apache.tomcat.util.net.DefaultServerSocketFactory.createSocket(DefaultServerSocketFactory.java:49)
	at org.apache.tomcat.util.net.JIoEndpoint.bind(JIoEndpoint.java:394)
	... 16 more

Dez 08, 2014 6:38:34 PM org.apache.catalina.core.StandardService initInternal
GRAVE: Failed to initialize connector [Connector[AJP/1.3-8009]]
org.apache.catalina.LifecycleException: Failed to initialize component [Connector[AJP/1.3-8009]]
	at org.apache.catalina.util.LifecycleBase.init(LifecycleBase.java:106)
	at org.apache.catalina.core.StandardService.initInternal(StandardService.java:559)
	at org.apache.catalina.util.LifecycleBase.init(LifecycleBase.java:102)
	at org.apache.catalina.core.StandardServer.initInternal(StandardServer.java:814)
	at org.apache.catalina.util.LifecycleBase.init(LifecycleBase.java:102)
	at org.apache.catalina.startup.Catalina.load(Catalina.java:640)
	at org.apache.catalina.startup.Catalina.load(Catalina.java:665)
	at sun.reflect.NativeMethodAccessorImpl.invoke0(Native Method)
	at sun.reflect.NativeMethodAccessorImpl.invoke(NativeMethodAccessorImpl.java:57)
	at sun.reflect.DelegatingMethodAccessorImpl.invoke(DelegatingMethodAccessorImpl.java:43)
	at java.lang.reflect.Method.invoke(Method.java:606)
	at org.apache.catalina.startup.Bootstrap.load(Bootstrap.java:281)
	at org.apache.catalina.startup.Bootstrap.main(Bootstrap.java:455)
Caused by: org.apache.catalina.LifecycleException: Protocol handler initialization failed
	at org.apache.catalina.connector.Connector.initInternal(Connector.java:983)
	at org.apache.catalina.util.LifecycleBase.init(LifecycleBase.java:102)
	... 12 more
Caused by: java.net.BindException: Endereço já em uso <null>:8009
	at org.apache.tomcat.util.net.JIoEndpoint.bind(JIoEndpoint.java:407)
	at org.apache.tomcat.util.net.AbstractEndpoint.init(AbstractEndpoint.java:623)
	at org.apache.coyote.AbstractProtocol.init(AbstractProtocol.java:434)
	at org.apache.catalina.connector.Connector.initInternal(Connector.java:981)
	... 13 more
Caused by: java.net.BindException: Endereço já em uso
	at java.net.PlainSocketImpl.socketBind(Native Method)
	at java.net.AbstractPlainSocketImpl.bind(AbstractPlainSocketImpl.java:376)
	at java.net.ServerSocket.bind(ServerSocket.java:376)
	at java.net.ServerSocket.<init>(ServerSocket.java:237)
	at java.net.ServerSocket.<init>(ServerSocket.java:181)
	at org.apache.tomcat.util.net.DefaultServerSocketFactory.createSocket(DefaultServerSocketFactory.java:49)
	at org.apache.tomcat.util.net.JIoEndpoint.bind(JIoEndpoint.java:394)
	... 16 more

Dez 08, 2014 6:38:34 PM org.apache.catalina.startup.Catalina load
INFORMAÇÕES: Initialization processed in 593 ms
Dez 08, 2014 6:38:34 PM org.apache.catalina.core.StandardService startInternal
INFORMAÇÕES: Starting service Catalina
Dez 08, 2014 6:38:34 PM org.apache.catalina.core.StandardEngine startInternal
INFORMAÇÕES: Starting Servlet Engine: Apache Tomcat/7.0.47
Dez 08, 2014 6:38:34 PM org.apache.catalina.startup.HostConfig deployWAR
INFORMAÇÕES: Deploying web application archive /home/douglas/grupo05/apache-tomcat-7.0.47/webapps/ROOT.war
18:38:37,316  INFO [BasicConfiguration  ] Using class br.com.caelum.vraptor.ioc.spring.SpringProvider as Container Provider
18:38:37,329  INFO [DefaultSpringLocator] No application context found
18:38:37,369  INFO [BasicConfiguration  ] br.com.caelum.vraptor.scanning = null
18:38:37,369  INFO [WebAppBootstrapFactory] Dynamic WebAppBootstrap found.
18:38:37,506  INFO [AnnotationConfigWebApplicationContext] Refreshing Root WebApplicationContext: startup date [Mon Dec 08 18:38:37 BRST 2014]; root of context hierarchy
18:38:37,588  INFO [ClassPathBeanDefinitionScanner] JSR-250 'javax.annotation.ManagedBean' found and supported for component scanning
log4j:WARN No appenders could be found for logger (org.hibernate.validator.Version).
log4j:WARN Please initialize the log4j system properly.
log4j:WARN See http://logging.apache.org/log4j/1.2/faq.html#noconfig for more info.
18:38:37,790  INFO [DefaultListableBeanFactory] Overriding bean definition for bean 'org.springframework.context.annotation.internalAutowiredAnnotationProcessor': replacing [Root bean: class [org.springframework.beans.factory.annotation.AutowiredAnnotationBeanPostProcessor]; scope=; abstract=false; lazyInit=false; autowireMode=0; dependencyCheck=0; autowireCandidate=true; primary=false; factoryBeanName=null; factoryMethodName=null; initMethodName=null; destroyMethodName=null] with [Root bean: class [br.com.caelum.vraptor.ioc.spring.InjectionBeanPostProcessor]; scope=; abstract=false; lazyInit=false; autowireMode=0; dependencyCheck=0; autowireCandidate=true; primary=false; factoryBeanName=null; factoryMethodName=null; initMethodName=null; destroyMethodName=null]
18:38:37,885  INFO [DefaultListableBeanFactory] Pre-instantiating singletons in org.springframework.beans.factory.support.DefaultListableBeanFactory@7ed32b58: defining beans [org.springframework.context.annotation.internalConfigurationAnnotationProcessor,org.springframework.context.annotation.internalAutowiredAnnotationProcessor,org.springframework.context.annotation.internalRequiredAnnotationProcessor,org.springframework.context.annotation.internalCommonAnnotationProcessor,defaultInterceptorHandlerFactory,defaultRouter,defaultTypeNameExtractor,hibernateProxyInitializer,defaultResourceTranslator,defaultMultipartConfig,objenesisInstanceCreator,defaultStaticContentHandler,topologicalSortedInterceptorRegistry,defaultConverters,noRoutesConfiguration,defaultDeserializers,XStreamConverters.NullConverter,defaultRoutes,defaultResourceNotFoundHandler,interceptorListPriorToExecutionExtractor,defaultMethodNotAllowedHandler,pathAnnotationRoutesParser,defaultTypeFinder,javaEvaluator,cglibProxifier,encodingHandlerFactory,paranamerNameProvider,defaultRestDefaults,defaultAcceptHeaderToFormat,stereotypeHandler,converterHandler,interceptorStereotypeHandler,deserializesHandler,stereotypedBeansRegistrar,defaultSpringLocator,defaultStatus,VRaptorDependencyProvider,parametersInstantiatorInterceptor,HTMLSerialization,deserializingInterceptor,downloadInterceptor,messageConverter,defaultFormatResolver,hibernateValidator3,defaultMethodInfo,defaultRefererResult,defaultRestHeadersHandler,defaultPathResolver,exceptionHandlerInterceptor,forwardToDefaultViewInterceptor,defaultResult,defaultLogicResult,defaultServletFileUploadCreator,executeMethodInterceptor,defaultValidator,defaultHttpResult,instantiateInterceptor,applicationConfiguration,XStreamXMLDeserializer,resourceLookupInterceptor,commonsUploadMultipartInterceptor,defaultPageResult,sessionFlashScope,XStreamConverters,XStreamJSONPSerialization,XStreamXMLSerialization,defaultRepresentationResult,defaultExceptionMapper,jstlLocalization,VRaptorParameterNamesProvider,replicatorOutjector,flashInterceptor,VRaptorInstantiator,iogiParametersProvider,XStreamJSONSerialization,emptyResult,defaultValidationViewsFactory,jsonDeserializer,outjectResult,primitiveCharConverter,bigIntegerConverter,longConverter,booleanConverter,primitiveBooleanConverter,shortConverter,enumConverter,floatConverter,primitiveByteConverter,byteConverter,stringConverter,primitiveIntConverter,bigDecimalConverter,localeBasedCalendarConverter,primitiveShortConverter,primitiveLongConverter,integerConverter,characterConverter,primitiveFloatConverter,localeBasedDateConverter,uploadedFileConverter,doubleConverter,primitiveDoubleConverter,VRaptorRequestProvider,httpServletRequestProvider,httpServletResponseProvider,httpSessionProvider,enhancedRequestExecution,defaultInterceptorStack,XStreamBuilderImpl,org.springframework.aop.config.internalAutoProxyCreator,criadorDeSessionFactory,indexController,fileController,xmlFileDao,criadorDeSessao,testResultController]; root of factory hierarchy
18:38:38,832  INFO [DefaultConverters   ] Registering bundled converters
18:38:38,861  INFO [LinkToHandler       ] Registering linkTo component
18:38:38,925  INFO [DefaultRouteBuilder ] /                                                 [ALL] -> IndexController.index()
18:38:38,926  INFO [DefaultRouteBuilder ] /file/faq                                         [ALL] -> FileController.faq()
18:38:38,944  INFO [DefaultRouteBuilder ] /file/uploadFile                                  [POST] -> FileController.uploadFile(UploadedFile)
18:38:38,945  INFO [DefaultRouteBuilder ] /file/view                                        [ALL] -> FileController.view()
18:38:38,945  INFO [DefaultRouteBuilder ] /file/upload                                      [ALL] -> FileController.upload()
18:38:38,946  INFO [DefaultRouteBuilder ] /file/list                                        [ALL] -> FileController.list()
18:38:38,948  INFO [DefaultRouteBuilder ] /file/getFile/{fileId}                            [GET] -> FileController.getFile(String)
18:38:38,949  INFO [DefaultRouteBuilder ] /results                                          [ALL] -> TestResultController.results(Model)
18:38:38,956  INFO [VRaptor             ] VRaptor 3.4.1 successfuly initialized
Dez 08, 2014 6:38:38 PM org.apache.catalina.startup.HostConfig deployDirectory
INFORMAÇÕES: Deploying web application directory /home/douglas/grupo05/apache-tomcat-7.0.47/webapps/docs
Dez 08, 2014 6:38:39 PM org.apache.catalina.startup.HostConfig deployDirectory
INFORMAÇÕES: Deploying web application directory /home/douglas/grupo05/apache-tomcat-7.0.47/webapps/manager
Dez 08, 2014 6:38:39 PM org.apache.catalina.startup.HostConfig deployDirectory
INFORMAÇÕES: Deploying web application directory /home/douglas/grupo05/apache-tomcat-7.0.47/webapps/examples
Dez 08, 2014 6:38:39 PM org.apache.catalina.startup.HostConfig deployDirectory
INFORMAÇÕES: Deploying web application directory /home/douglas/grupo05/apache-tomcat-7.0.47/webapps/host-manager
Dez 08, 2014 6:38:39 PM org.apache.catalina.startup.Catalina start
INFORMAÇÕES: Server startup in 4422 ms
Dez 08, 2014 6:38:39 PM org.apache.catalina.core.StandardServer await
GRAVE: StandardServer.await: create[localhost:8005]: 
java.net.BindException: Endereço já em uso
	at java.net.PlainSocketImpl.socketBind(Native Method)
	at java.net.AbstractPlainSocketImpl.bind(AbstractPlainSocketImpl.java:376)
	at java.net.ServerSocket.bind(ServerSocket.java:376)
	at java.net.ServerSocket.<init>(ServerSocket.java:237)
	at org.apache.catalina.core.StandardServer.await(StandardServer.java:427)
	at org.apache.catalina.startup.Catalina.await(Catalina.java:779)
	at org.apache.catalina.startup.Catalina.start(Catalina.java:725)
	at sun.reflect.NativeMethodAccessorImpl.invoke0(Native Method)
	at sun.reflect.NativeMethodAccessorImpl.invoke(NativeMethodAccessorImpl.java:57)
	at sun.reflect.DelegatingMethodAccessorImpl.invoke(DelegatingMethodAccessorImpl.java:43)
	at java.lang.reflect.Method.invoke(Method.java:606)
	at org.apache.catalina.startup.Bootstrap.start(Bootstrap.java:322)
	at org.apache.catalina.startup.Bootstrap.main(Bootstrap.java:456)

Dez 08, 2014 6:38:39 PM org.apache.coyote.AbstractProtocol pause
INFORMAÇÕES: Pausing ProtocolHandler ["http-bio-8080"]
Dez 08, 2014 6:38:39 PM org.apache.coyote.AbstractProtocol pause
INFORMAÇÕES: Pausing ProtocolHandler ["ajp-bio-8009"]
Dez 08, 2014 6:38:39 PM org.apache.catalina.core.StandardService stopInternal
INFORMAÇÕES: Stopping service Catalina
18:38:39,365  INFO [AnnotationConfigWebApplicationContext] Closing Root WebApplicationContext: startup date [Mon Dec 08 18:38:37 BRST 2014]; root of context hierarchy
18:38:39,366  INFO [DefaultListableBeanFactory] Destroying singletons in org.springframework.beans.factory.support.DefaultListableBeanFactory@7ed32b58: defining beans [org.springframework.context.annotation.internalConfigurationAnnotationProcessor,org.springframework.context.annotation.internalAutowiredAnnotationProcessor,org.springframework.context.annotation.internalRequiredAnnotationProcessor,org.springframework.context.annotation.internalCommonAnnotationProcessor,defaultInterceptorHandlerFactory,defaultRouter,defaultTypeNameExtractor,hibernateProxyInitializer,defaultResourceTranslator,defaultMultipartConfig,objenesisInstanceCreator,defaultStaticContentHandler,topologicalSortedInterceptorRegistry,defaultConverters,noRoutesConfiguration,defaultDeserializers,XStreamConverters.NullConverter,defaultRoutes,defaultResourceNotFoundHandler,interceptorListPriorToExecutionExtractor,defaultMethodNotAllowedHandler,pathAnnotationRoutesParser,defaultTypeFinder,javaEvaluator,cglibProxifier,encodingHandlerFactory,paranamerNameProvider,defaultRestDefaults,defaultAcceptHeaderToFormat,stereotypeHandler,converterHandler,interceptorStereotypeHandler,deserializesHandler,stereotypedBeansRegistrar,defaultSpringLocator,defaultStatus,VRaptorDependencyProvider,parametersInstantiatorInterceptor,HTMLSerialization,deserializingInterceptor,downloadInterceptor,messageConverter,defaultFormatResolver,hibernateValidator3,defaultMethodInfo,defaultRefererResult,defaultRestHeadersHandler,defaultPathResolver,exceptionHandlerInterceptor,forwardToDefaultViewInterceptor,defaultResult,defaultLogicResult,defaultServletFileUploadCreator,executeMethodInterceptor,defaultValidator,defaultHttpResult,instantiateInterceptor,applicationConfiguration,XStreamXMLDeserializer,resourceLookupInterceptor,commonsUploadMultipartInterceptor,defaultPageResult,sessionFlashScope,XStreamConverters,XStreamJSONPSerialization,XStreamXMLSerialization,defaultRepresentationResult,defaultExceptionMapper,jstlLocalization,VRaptorParameterNamesProvider,replicatorOutjector,flashInterceptor,VRaptorInstantiator,iogiParametersProvider,XStreamJSONSerialization,emptyResult,defaultValidationViewsFactory,jsonDeserializer,outjectResult,primitiveCharConverter,bigIntegerConverter,longConverter,booleanConverter,primitiveBooleanConverter,shortConverter,enumConverter,floatConverter,primitiveByteConverter,byteConverter,stringConverter,primitiveIntConverter,bigDecimalConverter,localeBasedCalendarConverter,primitiveShortConverter,primitiveLongConverter,integerConverter,characterConverter,primitiveFloatConverter,localeBasedDateConverter,uploadedFileConverter,doubleConverter,primitiveDoubleConverter,VRaptorRequestProvider,httpServletRequestProvider,httpServletResponseProvider,httpSessionProvider,enhancedRequestExecution,defaultInterceptorStack,XStreamBuilderImpl,org.springframework.aop.config.internalAutoProxyCreator,criadorDeSessionFactory,indexController,fileController,xmlFileDao,criadorDeSessao,testResultController]; root of factory hierarchy
Dez 08, 2014 6:38:39 PM org.apache.catalina.loader.WebappClassLoader clearReferencesJdbc
GRAVE: The web application [] registered the JDBC driver [com.mysql.jdbc.Driver] but failed to unregister it when the web application was stopped. To prevent a memory leak, the JDBC Driver has been forcibly unregistered.
Dez 08, 2014 6:38:39 PM org.apache.coyote.AbstractProtocol stop
INFORMAÇÕES: Stopping ProtocolHandler ["http-bio-8080"]
Dez 08, 2014 6:38:39 PM org.apache.coyote.AbstractProtocol destroy
INFORMAÇÕES: Destroying ProtocolHandler ["http-bio-8080"]
Dez 08, 2014 6:38:39 PM org.apache.coyote.AbstractProtocol stop
INFORMAÇÕES: Stopping ProtocolHandler ["ajp-bio-8009"]
Dez 08, 2014 6:38:39 PM org.apache.coyote.AbstractProtocol destroy
INFORMAÇÕES: Destroying ProtocolHandler ["ajp-bio-8009"]
Dez 08, 2014 6:38:48 PM org.apache.catalina.core.StandardServer await
INFORMAÇÕES: A valid shutdown command was received via the shutdown port. Stopping the Server instance.
Dez 08, 2014 6:38:48 PM org.apache.coyote.AbstractProtocol pause
INFORMAÇÕES: Pausing ProtocolHandler ["http-bio-8080"]
Dez 08, 2014 6:38:48 PM org.apache.coyote.AbstractProtocol pause
INFORMAÇÕES: Pausing ProtocolHandler ["ajp-bio-8009"]
Dez 08, 2014 6:38:48 PM org.apache.catalina.core.StandardService stopInternal
INFORMAÇÕES: Stopping service Catalina
18:38:48,178  INFO [AnnotationConfigWebApplicationContext] Closing Root WebApplicationContext: startup date [Mon Dec 08 18:33:25 BRST 2014]; root of context hierarchy
18:38:48,179  INFO [DefaultListableBeanFactory] Destroying singletons in org.springframework.beans.factory.support.DefaultListableBeanFactory@45bd30c: defining beans [org.springframework.context.annotation.internalConfigurationAnnotationProcessor,org.springframework.context.annotation.internalAutowiredAnnotationProcessor,org.springframework.context.annotation.internalRequiredAnnotationProcessor,org.springframework.context.annotation.internalCommonAnnotationProcessor,defaultRouter,defaultStaticContentHandler,defaultInterceptorHandlerFactory,defaultRoutes,javaEvaluator,defaultDeserializers,defaultAcceptHeaderToFormat,paranamerNameProvider,defaultTypeFinder,defaultTypeNameExtractor,encodingHandlerFactory,objenesisInstanceCreator,hibernateProxyInitializer,XStreamConverters.NullConverter,cglibProxifier,defaultMultipartConfig,defaultConverters,pathAnnotationRoutesParser,defaultResourceNotFoundHandler,interceptorListPriorToExecutionExtractor,noRoutesConfiguration,defaultMethodNotAllowedHandler,topologicalSortedInterceptorRegistry,defaultResourceTranslator,defaultRestDefaults,stereotypeHandler,converterHandler,interceptorStereotypeHandler,deserializesHandler,stereotypedBeansRegistrar,defaultSpringLocator,outjectResult,XStreamConverters,defaultHttpResult,jsonDeserializer,VRaptorParameterNamesProvider,hibernateValidator3,defaultLogicResult,emptyResult,exceptionHandlerInterceptor,downloadInterceptor,defaultResult,XStreamXMLSerialization,XStreamXMLDeserializer,XStreamJSONSerialization,defaultRefererResult,deserializingInterceptor,iogiParametersProvider,flashInterceptor,jstlLocalization,defaultPageResult,defaultPathResolver,defaultValidator,executeMethodInterceptor,VRaptorDependencyProvider,VRaptorInstantiator,XStreamJSONPSerialization,replicatorOutjector,defaultStatus,commonsUploadMultipartInterceptor,forwardToDefaultViewInterceptor,messageConverter,defaultValidationViewsFactory,defaultMethodInfo,applicationConfiguration,sessionFlashScope,resourceLookupInterceptor,defaultRepresentationResult,defaultServletFileUploadCreator,parametersInstantiatorInterceptor,HTMLSerialization,defaultExceptionMapper,instantiateInterceptor,defaultFormatResolver,defaultRestHeadersHandler,localeBasedCalendarConverter,integerConverter,primitiveBooleanConverter,stringConverter,primitiveDoubleConverter,byteConverter,primitiveFloatConverter,primitiveCharConverter,enumConverter,bigDecimalConverter,localeBasedDateConverter,primitiveIntConverter,primitiveShortConverter,booleanConverter,shortConverter,floatConverter,longConverter,bigIntegerConverter,uploadedFileConverter,primitiveByteConverter,primitiveLongConverter,doubleConverter,characterConverter,VRaptorRequestProvider,httpServletRequestProvider,httpServletResponseProvider,httpSessionProvider,defaultInterceptorStack,XStreamBuilderImpl,enhancedRequestExecution,org.springframework.aop.config.internalAutoProxyCreator,fileController,criadorDeSessionFactory,testResultController,xmlFileDao,indexController,criadorDeSessao]; root of factory hierarchy
Dez 08, 2014 6:38:48 PM org.apache.catalina.loader.WebappClassLoader clearReferencesJdbc
GRAVE: The web application [] registered the JDBC driver [com.mysql.jdbc.Driver] but failed to unregister it when the web application was stopped. To prevent a memory leak, the JDBC Driver has been forcibly unregistered.
Dez 08, 2014 6:38:48 PM org.apache.coyote.AbstractProtocol stop
INFORMAÇÕES: Stopping ProtocolHandler ["http-bio-8080"]
Dez 08, 2014 6:38:48 PM org.apache.coyote.AbstractProtocol stop
INFORMAÇÕES: Stopping ProtocolHandler ["ajp-bio-8009"]
Dez 08, 2014 6:38:48 PM org.apache.coyote.AbstractProtocol destroy
INFORMAÇÕES: Destroying ProtocolHandler ["http-bio-8080"]
Dez 08, 2014 6:38:48 PM org.apache.coyote.AbstractProtocol destroy
INFORMAÇÕES: Destroying ProtocolHandler ["ajp-bio-8009"]
Dez 08, 2014 6:38:55 PM org.apache.catalina.core.AprLifecycleListener init
INFORMAÇÕES: The APR based Apache Tomcat Native library which allows optimal performance in production environments was not found on the java.library.path: /usr/java/packages/lib/amd64:/usr/lib/x86_64-linux-gnu/jni:/lib/x86_64-linux-gnu:/usr/lib/x86_64-linux-gnu:/usr/lib/jni:/lib:/usr/lib
Dez 08, 2014 6:38:55 PM org.apache.coyote.AbstractProtocol init
INFORMAÇÕES: Initializing ProtocolHandler ["http-bio-8080"]
Dez 08, 2014 6:38:55 PM org.apache.coyote.AbstractProtocol init
INFORMAÇÕES: Initializing ProtocolHandler ["ajp-bio-8009"]
Dez 08, 2014 6:38:55 PM org.apache.catalina.startup.Catalina load
INFORMAÇÕES: Initialization processed in 514 ms
Dez 08, 2014 6:38:55 PM org.apache.catalina.core.StandardService startInternal
INFORMAÇÕES: Starting service Catalina
Dez 08, 2014 6:38:55 PM org.apache.catalina.core.StandardEngine startInternal
INFORMAÇÕES: Starting Servlet Engine: Apache Tomcat/7.0.47
Dez 08, 2014 6:38:55 PM org.apache.catalina.startup.HostConfig deployWAR
INFORMAÇÕES: Deploying web application archive /home/douglas/grupo05/apache-tomcat-7.0.47/webapps/ROOT.war
18:38:57,757  INFO [BasicConfiguration  ] Using class br.com.caelum.vraptor.ioc.spring.SpringProvider as Container Provider
18:38:57,774  INFO [DefaultSpringLocator] No application context found
18:38:57,813  INFO [BasicConfiguration  ] br.com.caelum.vraptor.scanning = null
18:38:57,813  INFO [WebAppBootstrapFactory] Dynamic WebAppBootstrap found.
18:38:57,954  INFO [AnnotationConfigWebApplicationContext] Refreshing Root WebApplicationContext: startup date [Mon Dec 08 18:38:57 BRST 2014]; root of context hierarchy
18:38:58,030  INFO [ClassPathBeanDefinitionScanner] JSR-250 'javax.annotation.ManagedBean' found and supported for component scanning
log4j:WARN No appenders could be found for logger (org.hibernate.validator.Version).
log4j:WARN Please initialize the log4j system properly.
log4j:WARN See http://logging.apache.org/log4j/1.2/faq.html#noconfig for more info.
18:38:58,200  INFO [DefaultListableBeanFactory] Overriding bean definition for bean 'org.springframework.context.annotation.internalAutowiredAnnotationProcessor': replacing [Root bean: class [org.springframework.beans.factory.annotation.AutowiredAnnotationBeanPostProcessor]; scope=; abstract=false; lazyInit=false; autowireMode=0; dependencyCheck=0; autowireCandidate=true; primary=false; factoryBeanName=null; factoryMethodName=null; initMethodName=null; destroyMethodName=null] with [Root bean: class [br.com.caelum.vraptor.ioc.spring.InjectionBeanPostProcessor]; scope=; abstract=false; lazyInit=false; autowireMode=0; dependencyCheck=0; autowireCandidate=true; primary=false; factoryBeanName=null; factoryMethodName=null; initMethodName=null; destroyMethodName=null]
18:38:58,325  INFO [DefaultListableBeanFactory] Pre-instantiating singletons in org.springframework.beans.factory.support.DefaultListableBeanFactory@6c30771c: defining beans [org.springframework.context.annotation.internalConfigurationAnnotationProcessor,org.springframework.context.annotation.internalAutowiredAnnotationProcessor,org.springframework.context.annotation.internalRequiredAnnotationProcessor,org.springframework.context.annotation.internalCommonAnnotationProcessor,defaultRoutes,XStreamConverters.NullConverter,defaultMultipartConfig,hibernateProxyInitializer,defaultConverters,defaultAcceptHeaderToFormat,defaultDeserializers,javaEvaluator,defaultStaticContentHandler,defaultMethodNotAllowedHandler,pathAnnotationRoutesParser,defaultTypeFinder,defaultResourceNotFoundHandler,defaultInterceptorHandlerFactory,defaultResourceTranslator,interceptorListPriorToExecutionExtractor,noRoutesConfiguration,topologicalSortedInterceptorRegistry,cglibProxifier,defaultRestDefaults,defaultRouter,defaultTypeNameExtractor,encodingHandlerFactory,objenesisInstanceCreator,paranamerNameProvider,stereotypeHandler,converterHandler,interceptorStereotypeHandler,deserializesHandler,stereotypedBeansRegistrar,defaultSpringLocator,defaultPathResolver,defaultMethodInfo,defaultValidationViewsFactory,defaultRestHeadersHandler,XStreamXMLDeserializer,flashInterceptor,jsonDeserializer,defaultValidator,XStreamJSONPSerialization,jstlLocalization,VRaptorInstantiator,defaultFormatResolver,parametersInstantiatorInterceptor,forwardToDefaultViewInterceptor,VRaptorParameterNamesProvider,XStreamJSONSerialization,resourceLookupInterceptor,emptyResult,applicationConfiguration,deserializingInterceptor,hibernateValidator3,replicatorOutjector,executeMethodInterceptor,defaultExceptionMapper,instantiateInterceptor,defaultHttpResult,defaultPageResult,defaultServletFileUploadCreator,HTMLSerialization,defaultRefererResult,commonsUploadMultipartInterceptor,XStreamConverters,exceptionHandlerInterceptor,defaultStatus,defaultRepresentationResult,iogiParametersProvider,downloadInterceptor,defaultLogicResult,VRaptorDependencyProvider,defaultResult,XStreamXMLSerialization,outjectResult,messageConverter,sessionFlashScope,primitiveBooleanConverter,floatConverter,bigDecimalConverter,primitiveFloatConverter,primitiveIntConverter,primitiveCharConverter,localeBasedCalendarConverter,characterConverter,stringConverter,uploadedFileConverter,byteConverter,bigIntegerConverter,primitiveLongConverter,primitiveDoubleConverter,booleanConverter,primitiveShortConverter,primitiveByteConverter,shortConverter,localeBasedDateConverter,longConverter,enumConverter,integerConverter,doubleConverter,VRaptorRequestProvider,httpServletRequestProvider,httpServletResponseProvider,httpSessionProvider,XStreamBuilderImpl,defaultInterceptorStack,enhancedRequestExecution,org.springframework.aop.config.internalAutoProxyCreator,testResultController,criadorDeSessionFactory,criadorDeSessao,xmlFileDao,fileController,indexController]; root of factory hierarchy
18:38:59,602  INFO [DefaultConverters   ] Registering bundled converters
18:38:59,646  INFO [LinkToHandler       ] Registering linkTo component
18:38:59,751  INFO [DefaultRouteBuilder ] /results                                          [ALL] -> TestResultController.results(Model)
18:38:59,753  INFO [DefaultRouteBuilder ] /file/faq                                         [ALL] -> FileController.faq()
18:38:59,776  INFO [DefaultRouteBuilder ] /file/uploadFile                                  [POST] -> FileController.uploadFile(UploadedFile)
18:38:59,777  INFO [DefaultRouteBuilder ] /file/view                                        [ALL] -> FileController.view()
18:38:59,778  INFO [DefaultRouteBuilder ] /file/upload                                      [ALL] -> FileController.upload()
18:38:59,779  INFO [DefaultRouteBuilder ] /file/list                                        [ALL] -> FileController.list()
18:38:59,784  INFO [DefaultRouteBuilder ] /file/getFile/{fileId}                            [GET] -> FileController.getFile(String)
18:38:59,786  INFO [DefaultRouteBuilder ] /                                                 [ALL] -> IndexController.index()
18:38:59,799  INFO [VRaptor             ] VRaptor 3.4.1 successfuly initialized
Dez 08, 2014 6:38:59 PM org.apache.catalina.startup.HostConfig deployDirectory
INFORMAÇÕES: Deploying web application directory /home/douglas/grupo05/apache-tomcat-7.0.47/webapps/docs
Dez 08, 2014 6:38:59 PM org.apache.catalina.startup.HostConfig deployDirectory
INFORMAÇÕES: Deploying web application directory /home/douglas/grupo05/apache-tomcat-7.0.47/webapps/manager
Dez 08, 2014 6:38:59 PM org.apache.catalina.startup.HostConfig deployDirectory
INFORMAÇÕES: Deploying web application directory /home/douglas/grupo05/apache-tomcat-7.0.47/webapps/examples
Dez 08, 2014 6:39:00 PM org.apache.catalina.startup.HostConfig deployDirectory
INFORMAÇÕES: Deploying web application directory /home/douglas/grupo05/apache-tomcat-7.0.47/webapps/host-manager
Dez 08, 2014 6:39:00 PM org.apache.coyote.AbstractProtocol start
INFORMAÇÕES: Starting ProtocolHandler ["http-bio-8080"]
Dez 08, 2014 6:39:00 PM org.apache.coyote.AbstractProtocol start
INFORMAÇÕES: Starting ProtocolHandler ["ajp-bio-8009"]
Dez 08, 2014 6:39:00 PM org.apache.catalina.startup.Catalina start
INFORMAÇÕES: Server startup in 4776 ms
Hibernate: 
    select
        this_.id as y0_ 
    from
        XmlFile this_
18:39:18,863  INFO [CommonsUploadMultipartInterceptor] Request contains multipart data. Try to parse with commons-upload.
Hibernate: 
    insert 
    into
        XmlFile
        (content, name, timestamp) 
    values
        (?, ?, ?)
Hibernate: 
    select
        this_.id as y0_ 
    from
        XmlFile this_
Hibernate: 
    select
        this_.id as id0_0_,
        this_.content as content0_0_,
        this_.name as name0_0_,
        this_.timestamp as timestamp0_0_ 
    from
        XmlFile this_ 
    where
        this_.id=?
Hibernate: 
    select
        this_.id as id0_0_,
        this_.content as content0_0_,
        this_.name as name0_0_,
        this_.timestamp as timestamp0_0_ 
    from
        XmlFile this_ 
    where
        this_.id=?
Dez 08, 2014 6:39:39 PM org.apache.catalina.core.StandardServer await
INFORMAÇÕES: A valid shutdown command was received via the shutdown port. Stopping the Server instance.
Dez 08, 2014 6:39:39 PM org.apache.coyote.AbstractProtocol pause
INFORMAÇÕES: Pausing ProtocolHandler ["http-bio-8080"]
Dez 08, 2014 6:39:39 PM org.apache.coyote.AbstractProtocol pause
INFORMAÇÕES: Pausing ProtocolHandler ["ajp-bio-8009"]
Dez 08, 2014 6:39:39 PM org.apache.catalina.core.StandardService stopInternal
INFORMAÇÕES: Stopping service Catalina
18:39:39,663  INFO [AnnotationConfigWebApplicationContext] Closing Root WebApplicationContext: startup date [Mon Dec 08 18:38:57 BRST 2014]; root of context hierarchy
18:39:39,663  INFO [DefaultListableBeanFactory] Destroying singletons in org.springframework.beans.factory.support.DefaultListableBeanFactory@6c30771c: defining beans [org.springframework.context.annotation.internalConfigurationAnnotationProcessor,org.springframework.context.annotation.internalAutowiredAnnotationProcessor,org.springframework.context.annotation.internalRequiredAnnotationProcessor,org.springframework.context.annotation.internalCommonAnnotationProcessor,defaultRoutes,XStreamConverters.NullConverter,defaultMultipartConfig,hibernateProxyInitializer,defaultConverters,defaultAcceptHeaderToFormat,defaultDeserializers,javaEvaluator,defaultStaticContentHandler,defaultMethodNotAllowedHandler,pathAnnotationRoutesParser,defaultTypeFinder,defaultResourceNotFoundHandler,defaultInterceptorHandlerFactory,defaultResourceTranslator,interceptorListPriorToExecutionExtractor,noRoutesConfiguration,topologicalSortedInterceptorRegistry,cglibProxifier,defaultRestDefaults,defaultRouter,defaultTypeNameExtractor,encodingHandlerFactory,objenesisInstanceCreator,paranamerNameProvider,stereotypeHandler,converterHandler,interceptorStereotypeHandler,deserializesHandler,stereotypedBeansRegistrar,defaultSpringLocator,defaultPathResolver,defaultMethodInfo,defaultValidationViewsFactory,defaultRestHeadersHandler,XStreamXMLDeserializer,flashInterceptor,jsonDeserializer,defaultValidator,XStreamJSONPSerialization,jstlLocalization,VRaptorInstantiator,defaultFormatResolver,parametersInstantiatorInterceptor,forwardToDefaultViewInterceptor,VRaptorParameterNamesProvider,XStreamJSONSerialization,resourceLookupInterceptor,emptyResult,applicationConfiguration,deserializingInterceptor,hibernateValidator3,replicatorOutjector,executeMethodInterceptor,defaultExceptionMapper,instantiateInterceptor,defaultHttpResult,defaultPageResult,defaultServletFileUploadCreator,HTMLSerialization,defaultRefererResult,commonsUploadMultipartInterceptor,XStreamConverters,exceptionHandlerInterceptor,defaultStatus,defaultRepresentationResult,iogiParametersProvider,downloadInterceptor,defaultLogicResult,VRaptorDependencyProvider,defaultResult,XStreamXMLSerialization,outjectResult,messageConverter,sessionFlashScope,primitiveBooleanConverter,floatConverter,bigDecimalConverter,primitiveFloatConverter,primitiveIntConverter,primitiveCharConverter,localeBasedCalendarConverter,characterConverter,stringConverter,uploadedFileConverter,byteConverter,bigIntegerConverter,primitiveLongConverter,primitiveDoubleConverter,booleanConverter,primitiveShortConverter,primitiveByteConverter,shortConverter,localeBasedDateConverter,longConverter,enumConverter,integerConverter,doubleConverter,VRaptorRequestProvider,httpServletRequestProvider,httpServletResponseProvider,httpSessionProvider,XStreamBuilderImpl,defaultInterceptorStack,enhancedRequestExecution,org.springframework.aop.config.internalAutoProxyCreator,testResultController,criadorDeSessionFactory,criadorDeSessao,xmlFileDao,fileController,indexController]; root of factory hierarchy
Dez 08, 2014 6:39:39 PM org.apache.catalina.loader.WebappClassLoader clearReferencesJdbc
GRAVE: The web application [] registered the JDBC driver [com.mysql.jdbc.Driver] but failed to unregister it when the web application was stopped. To prevent a memory leak, the JDBC Driver has been forcibly unregistered.
Dez 08, 2014 6:39:39 PM org.apache.coyote.AbstractProtocol stop
INFORMAÇÕES: Stopping ProtocolHandler ["http-bio-8080"]
Dez 08, 2014 6:39:44 PM org.apache.tomcat.util.net.AbstractEndpoint shutdownExecutor
ADVERTÊNCIA: The executor associated with thread pool [http-bio-8080] has not fully shutdown. Some application threads may still be running.
Dez 08, 2014 6:39:44 PM org.apache.coyote.AbstractProtocol stop
INFORMAÇÕES: Stopping ProtocolHandler ["ajp-bio-8009"]
Dez 08, 2014 6:39:44 PM org.apache.coyote.AbstractProtocol destroy
INFORMAÇÕES: Destroying ProtocolHandler ["http-bio-8080"]
Dez 08, 2014 6:39:44 PM org.apache.coyote.AbstractProtocol destroy
INFORMAÇÕES: Destroying ProtocolHandler ["ajp-bio-8009"]
