Dez 06, 2014 3:08:37 PM org.apache.catalina.core.AprLifecycleListener init
INFORMAÇÕES: The APR based Apache Tomcat Native library which allows optimal performance in production environments was not found on the java.library.path: /usr/java/packages/lib/amd64:/usr/lib/x86_64-linux-gnu/jni:/lib/x86_64-linux-gnu:/usr/lib/x86_64-linux-gnu:/usr/lib/jni:/lib:/usr/lib
Dez 06, 2014 3:08:38 PM org.apache.coyote.AbstractProtocol init
INFORMAÇÕES: Initializing ProtocolHandler ["http-bio-8080"]
Dez 06, 2014 3:08:38 PM org.apache.coyote.AbstractProtocol init
INFORMAÇÕES: Initializing ProtocolHandler ["ajp-bio-8009"]
Dez 06, 2014 3:08:38 PM org.apache.catalina.startup.Catalina load
INFORMAÇÕES: Initialization processed in 1651 ms
Dez 06, 2014 3:08:38 PM org.apache.catalina.core.StandardService startInternal
INFORMAÇÕES: Starting service Catalina
Dez 06, 2014 3:08:38 PM org.apache.catalina.core.StandardEngine startInternal
INFORMAÇÕES: Starting Servlet Engine: Apache Tomcat/7.0.47
Dez 06, 2014 3:08:38 PM org.apache.catalina.startup.HostConfig deployDirectory
INFORMAÇÕES: Deploying web application directory /home/douglas/grupo05/apache-tomcat-7.0.47/webapps/docs
Dez 06, 2014 3:08:38 PM org.apache.catalina.startup.HostConfig deployDirectory
INFORMAÇÕES: Deploying web application directory /home/douglas/grupo05/apache-tomcat-7.0.47/webapps/manager
Dez 06, 2014 3:08:39 PM org.apache.catalina.startup.HostConfig deployDirectory
INFORMAÇÕES: Deploying web application directory /home/douglas/grupo05/apache-tomcat-7.0.47/webapps/ROOT
Dez 06, 2014 3:08:39 PM org.apache.catalina.startup.HostConfig deployDirectory
INFORMAÇÕES: Deploying web application directory /home/douglas/grupo05/apache-tomcat-7.0.47/webapps/examples
Dez 06, 2014 3:08:39 PM org.apache.catalina.startup.HostConfig deployDirectory
INFORMAÇÕES: Deploying web application directory /home/douglas/grupo05/apache-tomcat-7.0.47/webapps/host-manager
Dez 06, 2014 3:08:39 PM org.apache.coyote.AbstractProtocol start
INFORMAÇÕES: Starting ProtocolHandler ["http-bio-8080"]
Dez 06, 2014 3:08:39 PM org.apache.coyote.AbstractProtocol start
INFORMAÇÕES: Starting ProtocolHandler ["ajp-bio-8009"]
Dez 06, 2014 3:08:39 PM org.apache.catalina.startup.Catalina start
INFORMAÇÕES: Server startup in 1692 ms
Dez 06, 2014 3:23:12 PM org.apache.catalina.core.StandardServer await
INFORMAÇÕES: A valid shutdown command was received via the shutdown port. Stopping the Server instance.
Dez 06, 2014 3:23:12 PM org.apache.coyote.AbstractProtocol pause
INFORMAÇÕES: Pausing ProtocolHandler ["http-bio-8080"]
Dez 06, 2014 3:23:12 PM org.apache.coyote.AbstractProtocol pause
INFORMAÇÕES: Pausing ProtocolHandler ["ajp-bio-8009"]
Dez 06, 2014 3:23:12 PM org.apache.catalina.core.StandardService stopInternal
INFORMAÇÕES: Stopping service Catalina
Dez 06, 2014 3:23:13 PM org.apache.coyote.AbstractProtocol stop
INFORMAÇÕES: Stopping ProtocolHandler ["http-bio-8080"]
Dez 06, 2014 3:23:13 PM org.apache.coyote.AbstractProtocol stop
INFORMAÇÕES: Stopping ProtocolHandler ["ajp-bio-8009"]
Dez 06, 2014 3:23:13 PM org.apache.coyote.AbstractProtocol destroy
INFORMAÇÕES: Destroying ProtocolHandler ["http-bio-8080"]
Dez 06, 2014 3:23:13 PM org.apache.coyote.AbstractProtocol destroy
INFORMAÇÕES: Destroying ProtocolHandler ["ajp-bio-8009"]
Dez 06, 2014 3:27:55 PM org.apache.catalina.core.AprLifecycleListener init
INFORMAÇÕES: The APR based Apache Tomcat Native library which allows optimal performance in production environments was not found on the java.library.path: /usr/java/packages/lib/amd64:/usr/lib/x86_64-linux-gnu/jni:/lib/x86_64-linux-gnu:/usr/lib/x86_64-linux-gnu:/usr/lib/jni:/lib:/usr/lib
Dez 06, 2014 3:27:56 PM org.apache.coyote.AbstractProtocol init
INFORMAÇÕES: Initializing ProtocolHandler ["http-bio-8080"]
Dez 06, 2014 3:27:56 PM org.apache.coyote.AbstractProtocol init
INFORMAÇÕES: Initializing ProtocolHandler ["ajp-bio-8009"]
Dez 06, 2014 3:27:56 PM org.apache.catalina.startup.Catalina load
INFORMAÇÕES: Initialization processed in 536 ms
Dez 06, 2014 3:27:56 PM org.apache.catalina.core.StandardService startInternal
INFORMAÇÕES: Starting service Catalina
Dez 06, 2014 3:27:56 PM org.apache.catalina.core.StandardEngine startInternal
INFORMAÇÕES: Starting Servlet Engine: Apache Tomcat/7.0.47
Dez 06, 2014 3:27:56 PM org.apache.catalina.startup.HostConfig deployDirectory
INFORMAÇÕES: Deploying web application directory /home/douglas/grupo05/apache-tomcat-7.0.47/webapps/docs
Dez 06, 2014 3:27:56 PM org.apache.catalina.startup.HostConfig deployDirectory
INFORMAÇÕES: Deploying web application directory /home/douglas/grupo05/apache-tomcat-7.0.47/webapps/manager
Dez 06, 2014 3:27:56 PM org.apache.catalina.startup.HostConfig deployDirectory
INFORMAÇÕES: Deploying web application directory /home/douglas/grupo05/apache-tomcat-7.0.47/webapps/ROOT
Dez 06, 2014 3:27:56 PM org.apache.catalina.startup.HostConfig deployDirectory
INFORMAÇÕES: Deploying web application directory /home/douglas/grupo05/apache-tomcat-7.0.47/webapps/examples
Dez 06, 2014 3:27:57 PM org.apache.catalina.startup.HostConfig deployDirectory
INFORMAÇÕES: Deploying web application directory /home/douglas/grupo05/apache-tomcat-7.0.47/webapps/host-manager
Dez 06, 2014 3:27:57 PM org.apache.coyote.AbstractProtocol start
INFORMAÇÕES: Starting ProtocolHandler ["http-bio-8080"]
Dez 06, 2014 3:27:57 PM org.apache.coyote.AbstractProtocol start
INFORMAÇÕES: Starting ProtocolHandler ["ajp-bio-8009"]
Dez 06, 2014 3:27:57 PM org.apache.catalina.startup.Catalina start
INFORMAÇÕES: Server startup in 1107 ms
Dez 06, 2014 3:34:20 PM org.apache.catalina.core.StandardServer await
INFORMAÇÕES: A valid shutdown command was received via the shutdown port. Stopping the Server instance.
Dez 06, 2014 3:34:20 PM org.apache.coyote.AbstractProtocol pause
INFORMAÇÕES: Pausing ProtocolHandler ["http-bio-8080"]
Dez 06, 2014 3:34:20 PM org.apache.coyote.AbstractProtocol pause
INFORMAÇÕES: Pausing ProtocolHandler ["ajp-bio-8009"]
Dez 06, 2014 3:34:20 PM org.apache.catalina.core.StandardService stopInternal
INFORMAÇÕES: Stopping service Catalina
Dez 06, 2014 3:34:20 PM org.apache.coyote.AbstractProtocol stop
INFORMAÇÕES: Stopping ProtocolHandler ["http-bio-8080"]
Dez 06, 2014 3:34:20 PM org.apache.coyote.AbstractProtocol stop
INFORMAÇÕES: Stopping ProtocolHandler ["ajp-bio-8009"]
Dez 06, 2014 3:34:20 PM org.apache.coyote.AbstractProtocol destroy
INFORMAÇÕES: Destroying ProtocolHandler ["http-bio-8080"]
Dez 06, 2014 3:34:20 PM org.apache.coyote.AbstractProtocol destroy
INFORMAÇÕES: Destroying ProtocolHandler ["ajp-bio-8009"]
Dez 06, 2014 3:34:25 PM org.apache.catalina.core.AprLifecycleListener init
INFORMAÇÕES: The APR based Apache Tomcat Native library which allows optimal performance in production environments was not found on the java.library.path: /usr/java/packages/lib/amd64:/usr/lib/x86_64-linux-gnu/jni:/lib/x86_64-linux-gnu:/usr/lib/x86_64-linux-gnu:/usr/lib/jni:/lib:/usr/lib
Dez 06, 2014 3:34:25 PM org.apache.coyote.AbstractProtocol init
INFORMAÇÕES: Initializing ProtocolHandler ["http-bio-8080"]
Dez 06, 2014 3:34:25 PM org.apache.coyote.AbstractProtocol init
INFORMAÇÕES: Initializing ProtocolHandler ["ajp-bio-8009"]
Dez 06, 2014 3:34:25 PM org.apache.catalina.startup.Catalina load
INFORMAÇÕES: Initialization processed in 520 ms
Dez 06, 2014 3:34:25 PM org.apache.catalina.core.StandardService startInternal
INFORMAÇÕES: Starting service Catalina
Dez 06, 2014 3:34:25 PM org.apache.catalina.core.StandardEngine startInternal
INFORMAÇÕES: Starting Servlet Engine: Apache Tomcat/7.0.47
Dez 06, 2014 3:34:25 PM org.apache.catalina.startup.HostConfig deployWAR
INFORMAÇÕES: Deploying web application archive /home/douglas/grupo05/apache-tomcat-7.0.47/webapps/ROOT.war
Dez 06, 2014 3:34:26 PM org.apache.catalina.startup.HostConfig deployDirectory
INFORMAÇÕES: Deploying web application directory /home/douglas/grupo05/apache-tomcat-7.0.47/webapps/docs
Dez 06, 2014 3:34:26 PM org.apache.catalina.startup.HostConfig deployDirectory
INFORMAÇÕES: Deploying web application directory /home/douglas/grupo05/apache-tomcat-7.0.47/webapps/manager
Dez 06, 2014 3:34:26 PM org.apache.catalina.startup.HostConfig deployDirectory
INFORMAÇÕES: Deploying web application directory /home/douglas/grupo05/apache-tomcat-7.0.47/webapps/examples
Dez 06, 2014 3:34:26 PM org.apache.catalina.startup.HostConfig deployDirectory
INFORMAÇÕES: Deploying web application directory /home/douglas/grupo05/apache-tomcat-7.0.47/webapps/host-manager
Dez 06, 2014 3:34:26 PM org.apache.coyote.AbstractProtocol start
INFORMAÇÕES: Starting ProtocolHandler ["http-bio-8080"]
Dez 06, 2014 3:34:26 PM org.apache.coyote.AbstractProtocol start
INFORMAÇÕES: Starting ProtocolHandler ["ajp-bio-8009"]
Dez 06, 2014 3:34:26 PM org.apache.catalina.startup.Catalina start
INFORMAÇÕES: Server startup in 1118 ms
Dez 06, 2014 3:42:08 PM org.apache.catalina.startup.HostConfig deleteRedeployResources
INFORMAÇÕES: Undeploying context []
Dez 06, 2014 3:42:09 PM org.apache.catalina.startup.HostConfig deployWAR
INFORMAÇÕES: Deploying web application archive /home/douglas/grupo05/apache-tomcat-7.0.47/webapps/ROOT.war
Dez 06, 2014 3:42:10 PM org.apache.catalina.core.StandardServer await
INFORMAÇÕES: A valid shutdown command was received via the shutdown port. Stopping the Server instance.
Dez 06, 2014 3:42:10 PM org.apache.coyote.AbstractProtocol pause
INFORMAÇÕES: Pausing ProtocolHandler ["http-bio-8080"]
Dez 06, 2014 3:42:10 PM org.apache.coyote.AbstractProtocol pause
INFORMAÇÕES: Pausing ProtocolHandler ["ajp-bio-8009"]
Dez 06, 2014 3:42:10 PM org.apache.catalina.core.StandardService stopInternal
INFORMAÇÕES: Stopping service Catalina
Dez 06, 2014 3:42:10 PM org.apache.catalina.startup.HostConfig deployWARs
GRAVE: Error waiting for multi-thread deployment of WAR files to complete
java.lang.InterruptedException
	at java.util.concurrent.FutureTask.awaitDone(FutureTask.java:400)
	at java.util.concurrent.FutureTask.get(FutureTask.java:187)
	at org.apache.catalina.startup.HostConfig.deployWARs(HostConfig.java:772)
	at org.apache.catalina.startup.HostConfig.deployApps(HostConfig.java:483)
	at org.apache.catalina.startup.HostConfig.check(HostConfig.java:1455)
	at org.apache.catalina.startup.HostConfig.lifecycleEvent(HostConfig.java:322)
	at org.apache.catalina.util.LifecycleSupport.fireLifecycleEvent(LifecycleSupport.java:119)
	at org.apache.catalina.util.LifecycleBase.fireLifecycleEvent(LifecycleBase.java:90)
	at org.apache.catalina.core.ContainerBase.backgroundProcess(ContainerBase.java:1374)
	at org.apache.catalina.core.ContainerBase$ContainerBackgroundProcessor.processChildren(ContainerBase.java:1530)
	at org.apache.catalina.core.ContainerBase$ContainerBackgroundProcessor.processChildren(ContainerBase.java:1540)
	at org.apache.catalina.core.ContainerBase$ContainerBackgroundProcessor.run(ContainerBase.java:1519)
	at java.lang.Thread.run(Thread.java:745)

Dez 06, 2014 3:42:12 PM org.apache.catalina.loader.WebappClassLoader clearReferencesJdbc
GRAVE: The web application [] registered the JDBC driver [com.mysql.jdbc.Driver] but failed to unregister it when the web application was stopped. To prevent a memory leak, the JDBC Driver has been forcibly unregistered.
Dez 06, 2014 3:42:12 PM org.apache.coyote.AbstractProtocol stop
INFORMAÇÕES: Stopping ProtocolHandler ["http-bio-8080"]
Dez 06, 2014 3:42:12 PM org.apache.coyote.AbstractProtocol stop
INFORMAÇÕES: Stopping ProtocolHandler ["ajp-bio-8009"]
Dez 06, 2014 3:42:12 PM org.apache.coyote.AbstractProtocol destroy
INFORMAÇÕES: Destroying ProtocolHandler ["http-bio-8080"]
Dez 06, 2014 3:42:12 PM org.apache.coyote.AbstractProtocol destroy
INFORMAÇÕES: Destroying ProtocolHandler ["ajp-bio-8009"]
Dez 06, 2014 3:42:14 PM org.apache.catalina.core.AprLifecycleListener init
INFORMAÇÕES: The APR based Apache Tomcat Native library which allows optimal performance in production environments was not found on the java.library.path: /usr/java/packages/lib/amd64:/usr/lib/x86_64-linux-gnu/jni:/lib/x86_64-linux-gnu:/usr/lib/x86_64-linux-gnu:/usr/lib/jni:/lib:/usr/lib
Dez 06, 2014 3:42:14 PM org.apache.coyote.AbstractProtocol init
INFORMAÇÕES: Initializing ProtocolHandler ["http-bio-8080"]
Dez 06, 2014 3:42:14 PM org.apache.coyote.AbstractProtocol init
INFORMAÇÕES: Initializing ProtocolHandler ["ajp-bio-8009"]
Dez 06, 2014 3:42:14 PM org.apache.catalina.startup.Catalina load
INFORMAÇÕES: Initialization processed in 541 ms
Dez 06, 2014 3:42:14 PM org.apache.catalina.core.StandardService startInternal
INFORMAÇÕES: Starting service Catalina
Dez 06, 2014 3:42:14 PM org.apache.catalina.core.StandardEngine startInternal
INFORMAÇÕES: Starting Servlet Engine: Apache Tomcat/7.0.47
Dez 06, 2014 3:42:14 PM org.apache.catalina.startup.HostConfig deployWAR
INFORMAÇÕES: Deploying web application archive /home/douglas/grupo05/apache-tomcat-7.0.47/webapps/ROOT.war
Dez 06, 2014 3:42:18 PM org.apache.catalina.startup.HostConfig deployDirectory
INFORMAÇÕES: Deploying web application directory /home/douglas/grupo05/apache-tomcat-7.0.47/webapps/docs
Dez 06, 2014 3:42:18 PM org.apache.catalina.startup.HostConfig deployDirectory
INFORMAÇÕES: Deploying web application directory /home/douglas/grupo05/apache-tomcat-7.0.47/webapps/manager
Dez 06, 2014 3:42:18 PM org.apache.catalina.startup.HostConfig deployDirectory
INFORMAÇÕES: Deploying web application directory /home/douglas/grupo05/apache-tomcat-7.0.47/webapps/examples
Dez 06, 2014 3:42:18 PM org.apache.catalina.startup.HostConfig deployDirectory
INFORMAÇÕES: Deploying web application directory /home/douglas/grupo05/apache-tomcat-7.0.47/webapps/host-manager
Dez 06, 2014 3:42:18 PM org.apache.coyote.AbstractProtocol start
INFORMAÇÕES: Starting ProtocolHandler ["http-bio-8080"]
Dez 06, 2014 3:42:18 PM org.apache.coyote.AbstractProtocol start
INFORMAÇÕES: Starting ProtocolHandler ["ajp-bio-8009"]
Dez 06, 2014 3:42:18 PM org.apache.catalina.startup.Catalina start
INFORMAÇÕES: Server startup in 4243 ms
Dez 06, 2014 3:42:31 PM org.apache.jasper.compiler.TldLocationsCache tldScanJar
INFORMAÇÕES: At least one JAR was scanned for TLDs yet contained no TLDs. Enable debug logging for this logger for a complete list of JARs that were scanned but no TLDs were found in them. Skipping unneeded JARs during scanning can improve startup time and JSP compilation time.
Dez 06, 2014 3:47:01 PM org.apache.catalina.core.StandardServer await
INFORMAÇÕES: A valid shutdown command was received via the shutdown port. Stopping the Server instance.
Dez 06, 2014 3:47:01 PM org.apache.coyote.AbstractProtocol pause
INFORMAÇÕES: Pausing ProtocolHandler ["http-bio-8080"]
Dez 06, 2014 3:47:01 PM org.apache.coyote.AbstractProtocol pause
INFORMAÇÕES: Pausing ProtocolHandler ["ajp-bio-8009"]
Dez 06, 2014 3:47:01 PM org.apache.catalina.core.StandardService stopInternal
INFORMAÇÕES: Stopping service Catalina
Dez 06, 2014 3:47:02 PM org.apache.catalina.loader.WebappClassLoader clearReferencesJdbc
GRAVE: The web application [] registered the JDBC driver [com.mysql.jdbc.Driver] but failed to unregister it when the web application was stopped. To prevent a memory leak, the JDBC Driver has been forcibly unregistered.
Dez 06, 2014 3:47:02 PM org.apache.coyote.AbstractProtocol stop
INFORMAÇÕES: Stopping ProtocolHandler ["http-bio-8080"]
Dez 06, 2014 3:47:02 PM org.apache.coyote.AbstractProtocol stop
INFORMAÇÕES: Stopping ProtocolHandler ["ajp-bio-8009"]
Dez 06, 2014 3:47:02 PM org.apache.coyote.AbstractProtocol destroy
INFORMAÇÕES: Destroying ProtocolHandler ["http-bio-8080"]
Dez 06, 2014 3:47:02 PM org.apache.coyote.AbstractProtocol destroy
INFORMAÇÕES: Destroying ProtocolHandler ["ajp-bio-8009"]
