Dez 08, 2014 5:29:43 PM org.apache.catalina.core.StandardContext filterStart
GRAVE: Exception starting filter vraptor
java.lang.NoClassDefFoundError: org/apache/commons/logging/LogFactory
	at org.springframework.context.support.AbstractApplicationContext.<init>(AbstractApplicationContext.java:160)
	at org.springframework.context.support.AbstractApplicationContext.<init>(AbstractApplicationContext.java:213)
	at org.springframework.context.support.AbstractRefreshableApplicationContext.<init>(AbstractRefreshableApplicationContext.java:81)
	at org.springframework.context.support.AbstractRefreshableConfigApplicationContext.<init>(AbstractRefreshableConfigApplicationContext.java:51)
	at org.springframework.web.context.support.AbstractRefreshableWebApplicationContext.<init>(AbstractRefreshableWebApplicationContext.java:93)
	at org.springframework.web.context.support.AnnotationConfigWebApplicationContext.<init>(AnnotationConfigWebApplicationContext.java:58)
	at br.com.caelum.vraptor.ioc.spring.DefaultSpringLocator.getApplicationContext(DefaultSpringLocator.java:56)
	at br.com.caelum.vraptor.ioc.spring.SpringProvider.getParentApplicationContext(SpringProvider.java:112)
	at br.com.caelum.vraptor.ioc.spring.SpringProvider.start(SpringProvider.java:80)
	at br.com.caelum.vraptor.VRaptor.init(VRaptor.java:108)
	at br.com.caelum.vraptor.VRaptor.init(VRaptor.java:102)
	at org.apache.catalina.core.ApplicationFilterConfig.initFilter(ApplicationFilterConfig.java:281)
	at org.apache.catalina.core.ApplicationFilterConfig.getFilter(ApplicationFilterConfig.java:262)
	at org.apache.catalina.core.ApplicationFilterConfig.<init>(ApplicationFilterConfig.java:107)
	at org.apache.catalina.core.StandardContext.filterStart(StandardContext.java:4775)
	at org.apache.catalina.core.StandardContext.startInternal(StandardContext.java:5452)
	at org.apache.catalina.util.LifecycleBase.start(LifecycleBase.java:150)
	at org.apache.catalina.core.ContainerBase.addChildInternal(ContainerBase.java:901)
	at org.apache.catalina.core.ContainerBase.addChild(ContainerBase.java:877)
	at org.apache.catalina.core.StandardHost.addChild(StandardHost.java:633)
	at org.apache.catalina.startup.HostConfig.deployWAR(HostConfig.java:983)
	at org.apache.catalina.startup.HostConfig$DeployWar.run(HostConfig.java:1660)
	at java.util.concurrent.Executors$RunnableAdapter.call(Executors.java:471)
	at java.util.concurrent.FutureTask.run(FutureTask.java:262)
	at java.util.concurrent.ThreadPoolExecutor.runWorker(ThreadPoolExecutor.java:1145)
	at java.util.concurrent.ThreadPoolExecutor$Worker.run(ThreadPoolExecutor.java:615)
	at java.lang.Thread.run(Thread.java:745)
Caused by: java.lang.ClassNotFoundException: org.apache.commons.logging.LogFactory
	at org.apache.catalina.loader.WebappClassLoader.loadClass(WebappClassLoader.java:1702)
	at org.apache.catalina.loader.WebappClassLoader.loadClass(WebappClassLoader.java:1547)
	... 27 more

Dez 08, 2014 5:29:43 PM org.apache.catalina.core.ApplicationContext log
INFORMAÇÕES: ContextListener: contextInitialized()
Dez 08, 2014 5:29:43 PM org.apache.catalina.core.ApplicationContext log
INFORMAÇÕES: SessionListener: contextInitialized()
Dez 08, 2014 5:29:43 PM org.apache.catalina.core.ApplicationContext log
INFORMAÇÕES: ContextListener: attributeAdded('org.apache.jasper.compiler.TldLocationsCache', 'org.apache.jasper.compiler.TldLocationsCache@2dd48f21')
Dez 08, 2014 5:29:43 PM org.apache.catalina.core.ApplicationContext log
INFORMAÇÕES: SessionListener: contextDestroyed()
Dez 08, 2014 5:29:43 PM org.apache.catalina.core.ApplicationContext log
INFORMAÇÕES: ContextListener: contextDestroyed()
Dez 08, 2014 5:31:14 PM org.apache.catalina.core.StandardContext filterStart
GRAVE: Exception starting filter vraptor
java.lang.NoClassDefFoundError: org/apache/commons/logging/LogFactory
	at org.springframework.context.support.AbstractApplicationContext.<init>(AbstractApplicationContext.java:160)
	at org.springframework.context.support.AbstractApplicationContext.<init>(AbstractApplicationContext.java:213)
	at org.springframework.context.support.AbstractRefreshableApplicationContext.<init>(AbstractRefreshableApplicationContext.java:81)
	at org.springframework.context.support.AbstractRefreshableConfigApplicationContext.<init>(AbstractRefreshableConfigApplicationContext.java:51)
	at org.springframework.web.context.support.AbstractRefreshableWebApplicationContext.<init>(AbstractRefreshableWebApplicationContext.java:93)
	at org.springframework.web.context.support.AnnotationConfigWebApplicationContext.<init>(AnnotationConfigWebApplicationContext.java:58)
	at br.com.caelum.vraptor.ioc.spring.DefaultSpringLocator.getApplicationContext(DefaultSpringLocator.java:56)
	at br.com.caelum.vraptor.ioc.spring.SpringProvider.getParentApplicationContext(SpringProvider.java:112)
	at br.com.caelum.vraptor.ioc.spring.SpringProvider.start(SpringProvider.java:80)
	at br.com.caelum.vraptor.VRaptor.init(VRaptor.java:108)
	at br.com.caelum.vraptor.VRaptor.init(VRaptor.java:102)
	at org.apache.catalina.core.ApplicationFilterConfig.initFilter(ApplicationFilterConfig.java:281)
	at org.apache.catalina.core.ApplicationFilterConfig.getFilter(ApplicationFilterConfig.java:262)
	at org.apache.catalina.core.ApplicationFilterConfig.<init>(ApplicationFilterConfig.java:107)
	at org.apache.catalina.core.StandardContext.filterStart(StandardContext.java:4775)
	at org.apache.catalina.core.StandardContext.startInternal(StandardContext.java:5452)
	at org.apache.catalina.util.LifecycleBase.start(LifecycleBase.java:150)
	at org.apache.catalina.core.ContainerBase.addChildInternal(ContainerBase.java:901)
	at org.apache.catalina.core.ContainerBase.addChild(ContainerBase.java:877)
	at org.apache.catalina.core.StandardHost.addChild(StandardHost.java:633)
	at org.apache.catalina.startup.HostConfig.deployWAR(HostConfig.java:983)
	at org.apache.catalina.startup.HostConfig$DeployWar.run(HostConfig.java:1660)
	at java.util.concurrent.Executors$RunnableAdapter.call(Executors.java:471)
	at java.util.concurrent.FutureTask.run(FutureTask.java:262)
	at java.util.concurrent.ThreadPoolExecutor.runWorker(ThreadPoolExecutor.java:1145)
	at java.util.concurrent.ThreadPoolExecutor$Worker.run(ThreadPoolExecutor.java:615)
	at java.lang.Thread.run(Thread.java:745)
Caused by: java.lang.ClassNotFoundException: org.apache.commons.logging.LogFactory
	at org.apache.catalina.loader.WebappClassLoader.loadClass(WebappClassLoader.java:1702)
	at org.apache.catalina.loader.WebappClassLoader.loadClass(WebappClassLoader.java:1547)
	... 27 more

Dez 08, 2014 5:31:15 PM org.apache.catalina.core.ApplicationContext log
INFORMAÇÕES: ContextListener: contextInitialized()
Dez 08, 2014 5:31:15 PM org.apache.catalina.core.ApplicationContext log
INFORMAÇÕES: SessionListener: contextInitialized()
Dez 08, 2014 5:31:15 PM org.apache.catalina.core.ApplicationContext log
INFORMAÇÕES: ContextListener: attributeAdded('org.apache.jasper.compiler.TldLocationsCache', 'org.apache.jasper.compiler.TldLocationsCache@29037955')
Dez 08, 2014 5:31:23 PM org.apache.catalina.core.ApplicationContext log
INFORMAÇÕES: SessionListener: contextDestroyed()
Dez 08, 2014 5:31:23 PM org.apache.catalina.core.ApplicationContext log
INFORMAÇÕES: ContextListener: contextDestroyed()
Dez 08, 2014 5:31:57 PM org.apache.catalina.core.ApplicationContext log
INFORMAÇÕES: ContextListener: contextInitialized()
Dez 08, 2014 5:31:57 PM org.apache.catalina.core.ApplicationContext log
INFORMAÇÕES: SessionListener: contextInitialized()
Dez 08, 2014 5:31:57 PM org.apache.catalina.core.ApplicationContext log
INFORMAÇÕES: ContextListener: attributeAdded('org.apache.jasper.compiler.TldLocationsCache', 'org.apache.jasper.compiler.TldLocationsCache@445b3210')
Dez 08, 2014 5:32:40 PM org.apache.catalina.core.ApplicationContext log
INFORMAÇÕES: SessionListener: contextDestroyed()
Dez 08, 2014 5:32:40 PM org.apache.catalina.core.ApplicationContext log
INFORMAÇÕES: ContextListener: contextDestroyed()
Dez 08, 2014 5:37:40 PM org.apache.catalina.core.ApplicationContext log
INFORMAÇÕES: ContextListener: contextInitialized()
Dez 08, 2014 5:37:40 PM org.apache.catalina.core.ApplicationContext log
INFORMAÇÕES: SessionListener: contextInitialized()
Dez 08, 2014 5:37:40 PM org.apache.catalina.core.ApplicationContext log
INFORMAÇÕES: ContextListener: attributeAdded('org.apache.jasper.compiler.TldLocationsCache', 'org.apache.jasper.compiler.TldLocationsCache@3621827')
Dez 08, 2014 5:39:07 PM org.apache.catalina.core.ApplicationContext log
INFORMAÇÕES: SessionListener: contextDestroyed()
Dez 08, 2014 5:39:07 PM org.apache.catalina.core.ApplicationContext log
INFORMAÇÕES: ContextListener: contextDestroyed()
Dez 08, 2014 5:42:21 PM org.apache.catalina.core.ApplicationContext log
INFORMAÇÕES: ContextListener: contextInitialized()
Dez 08, 2014 5:42:21 PM org.apache.catalina.core.ApplicationContext log
INFORMAÇÕES: SessionListener: contextInitialized()
Dez 08, 2014 5:42:21 PM org.apache.catalina.core.ApplicationContext log
INFORMAÇÕES: ContextListener: attributeAdded('org.apache.jasper.compiler.TldLocationsCache', 'org.apache.jasper.compiler.TldLocationsCache@3b108e32')
Dez 08, 2014 5:46:08 PM org.apache.catalina.core.ApplicationContext log
INFORMAÇÕES: SessionListener: contextDestroyed()
Dez 08, 2014 5:46:08 PM org.apache.catalina.core.ApplicationContext log
INFORMAÇÕES: ContextListener: contextDestroyed()
Dez 08, 2014 5:46:21 PM org.apache.catalina.core.ApplicationContext log
INFORMAÇÕES: ContextListener: contextInitialized()
Dez 08, 2014 5:46:21 PM org.apache.catalina.core.ApplicationContext log
INFORMAÇÕES: SessionListener: contextInitialized()
Dez 08, 2014 5:46:21 PM org.apache.catalina.core.ApplicationContext log
INFORMAÇÕES: ContextListener: attributeAdded('org.apache.jasper.compiler.TldLocationsCache', 'org.apache.jasper.compiler.TldLocationsCache@6aebe333')
Dez 08, 2014 5:49:01 PM org.apache.catalina.core.ApplicationContext log
INFORMAÇÕES: SessionListener: contextDestroyed()
Dez 08, 2014 5:49:01 PM org.apache.catalina.core.ApplicationContext log
INFORMAÇÕES: ContextListener: contextDestroyed()
Dez 08, 2014 5:50:20 PM org.apache.catalina.core.ApplicationContext log
INFORMAÇÕES: ContextListener: contextInitialized()
Dez 08, 2014 5:50:20 PM org.apache.catalina.core.ApplicationContext log
INFORMAÇÕES: SessionListener: contextInitialized()
Dez 08, 2014 5:50:20 PM org.apache.catalina.core.ApplicationContext log
INFORMAÇÕES: ContextListener: attributeAdded('org.apache.jasper.compiler.TldLocationsCache', 'org.apache.jasper.compiler.TldLocationsCache@4fd9330c')
Dez 08, 2014 5:51:35 PM org.apache.catalina.core.ApplicationContext log
INFORMAÇÕES: SessionListener: contextDestroyed()
Dez 08, 2014 5:51:35 PM org.apache.catalina.core.ApplicationContext log
INFORMAÇÕES: ContextListener: contextDestroyed()
Dez 08, 2014 6:21:57 PM org.apache.catalina.core.ApplicationContext log
INFORMAÇÕES: ContextListener: contextInitialized()
Dez 08, 2014 6:21:58 PM org.apache.catalina.core.ApplicationContext log
INFORMAÇÕES: SessionListener: contextInitialized()
Dez 08, 2014 6:21:58 PM org.apache.catalina.core.ApplicationContext log
INFORMAÇÕES: ContextListener: attributeAdded('org.apache.jasper.compiler.TldLocationsCache', 'org.apache.jasper.compiler.TldLocationsCache@36dfc365')
Dez 08, 2014 6:22:08 PM org.apache.catalina.core.StandardWrapperValve invoke
GRAVE: Servlet.service() for servlet [default] in context with path [] threw exception
br.com.caelum.vraptor.InterceptionException: exception raised, check root cause for details: org.hibernate.exception.GenericJDBCException: Cannot open connection
	at br.com.caelum.vraptor.interceptor.ExecuteMethodInterceptor.intercept(ExecuteMethodInterceptor.java:96)
	at br.com.caelum.vraptor.core.ToInstantiateInterceptorHandler.execute(ToInstantiateInterceptorHandler.java:54)
	at br.com.caelum.vraptor.core.DefaultInterceptorStack.next(DefaultInterceptorStack.java:54)
	at br.com.caelum.vraptor.core.LazyInterceptorHandler.execute(LazyInterceptorHandler.java:61)
	at br.com.caelum.vraptor.core.DefaultInterceptorStack.next(DefaultInterceptorStack.java:54)
	at br.com.caelum.vraptor.interceptor.InstantiateInterceptor.intercept(InstantiateInterceptor.java:48)
	at br.com.caelum.vraptor.core.ToInstantiateInterceptorHandler.execute(ToInstantiateInterceptorHandler.java:54)
	at br.com.caelum.vraptor.core.DefaultInterceptorStack.next(DefaultInterceptorStack.java:54)
	at br.com.caelum.vraptor.core.LazyInterceptorHandler.execute(LazyInterceptorHandler.java:61)
	at br.com.caelum.vraptor.core.DefaultInterceptorStack.next(DefaultInterceptorStack.java:54)
	at br.com.caelum.vraptor.interceptor.FlashInterceptor.intercept(FlashInterceptor.java:83)
	at br.com.caelum.vraptor.core.ToInstantiateInterceptorHandler.execute(ToInstantiateInterceptorHandler.java:54)
	at br.com.caelum.vraptor.core.DefaultInterceptorStack.next(DefaultInterceptorStack.java:54)
	at br.com.caelum.vraptor.interceptor.ExceptionHandlerInterceptor.intercept(ExceptionHandlerInterceptor.java:71)
	at br.com.caelum.vraptor.core.ToInstantiateInterceptorHandler.execute(ToInstantiateInterceptorHandler.java:54)
	at br.com.caelum.vraptor.core.DefaultInterceptorStack.next(DefaultInterceptorStack.java:54)
	at br.com.caelum.vraptor.interceptor.ResourceLookupInterceptor.intercept(ResourceLookupInterceptor.java:69)
	at br.com.caelum.vraptor.core.ToInstantiateInterceptorHandler.execute(ToInstantiateInterceptorHandler.java:54)
	at br.com.caelum.vraptor.core.DefaultInterceptorStack.next(DefaultInterceptorStack.java:54)
	at br.com.caelum.vraptor.core.ToInstantiateInterceptorHandler.execute(ToInstantiateInterceptorHandler.java:56)
	at br.com.caelum.vraptor.core.DefaultInterceptorStack.next(DefaultInterceptorStack.java:54)
	at br.com.caelum.vraptor.core.EnhancedRequestExecution.execute(EnhancedRequestExecution.java:44)
	at br.com.caelum.vraptor.VRaptor$1.insideRequest(VRaptor.java:91)
	at br.com.caelum.vraptor.ioc.spring.SpringProvider.provideForRequest(SpringProvider.java:58)
	at br.com.caelum.vraptor.VRaptor.doFilter(VRaptor.java:88)
	at org.apache.catalina.core.ApplicationFilterChain.internalDoFilter(ApplicationFilterChain.java:243)
	at org.apache.catalina.core.ApplicationFilterChain.doFilter(ApplicationFilterChain.java:210)
	at org.apache.catalina.core.StandardWrapperValve.invoke(StandardWrapperValve.java:222)
	at org.apache.catalina.core.StandardContextValve.invoke(StandardContextValve.java:123)
	at org.apache.catalina.authenticator.AuthenticatorBase.invoke(AuthenticatorBase.java:502)
	at org.apache.catalina.core.StandardHostValve.invoke(StandardHostValve.java:171)
	at org.apache.catalina.valves.ErrorReportValve.invoke(ErrorReportValve.java:100)
	at org.apache.catalina.valves.AccessLogValve.invoke(AccessLogValve.java:953)
	at org.apache.catalina.core.StandardEngineValve.invoke(StandardEngineValve.java:118)
	at org.apache.catalina.connector.CoyoteAdapter.service(CoyoteAdapter.java:408)
	at org.apache.coyote.http11.AbstractHttp11Processor.process(AbstractHttp11Processor.java:1041)
	at org.apache.coyote.AbstractProtocol$AbstractConnectionHandler.process(AbstractProtocol.java:603)
	at org.apache.tomcat.util.net.JIoEndpoint$SocketProcessor.run(JIoEndpoint.java:312)
	at java.util.concurrent.ThreadPoolExecutor.runWorker(ThreadPoolExecutor.java:1145)
	at java.util.concurrent.ThreadPoolExecutor$Worker.run(ThreadPoolExecutor.java:615)
	at java.lang.Thread.run(Thread.java:745)
Caused by: org.hibernate.exception.GenericJDBCException: Cannot open connection
	at org.hibernate.exception.SQLStateConverter.handledNonSpecificException(SQLStateConverter.java:140)
	at org.hibernate.exception.SQLStateConverter.convert(SQLStateConverter.java:128)
	at org.hibernate.exception.JDBCExceptionHelper.convert(JDBCExceptionHelper.java:66)
	at org.hibernate.exception.JDBCExceptionHelper.convert(JDBCExceptionHelper.java:52)
	at org.hibernate.jdbc.ConnectionManager.openConnection(ConnectionManager.java:449)
	at org.hibernate.jdbc.ConnectionManager.getConnection(ConnectionManager.java:167)
	at org.hibernate.jdbc.AbstractBatcher.prepareQueryStatement(AbstractBatcher.java:161)
	at org.hibernate.loader.Loader.prepareQueryStatement(Loader.java:1700)
	at org.hibernate.loader.Loader.doQuery(Loader.java:801)
	at org.hibernate.loader.Loader.doQueryAndInitializeNonLazyCollections(Loader.java:274)
	at org.hibernate.loader.Loader.doList(Loader.java:2542)
	at org.hibernate.loader.Loader.listIgnoreQueryCache(Loader.java:2276)
	at org.hibernate.loader.Loader.list(Loader.java:2271)
	at org.hibernate.loader.criteria.CriteriaLoader.list(CriteriaLoader.java:119)
	at org.hibernate.impl.SessionImpl.list(SessionImpl.java:1716)
	at org.hibernate.impl.CriteriaImpl.list(CriteriaImpl.java:347)
	at br.unicamp.ic.mc437.grupo05.infra.XmlFileDao.getAllIds(XmlFileDao.java:39)
	at br.unicamp.ic.mc437.grupo05.controller.FileController.view(FileController.java:121)
	at sun.reflect.NativeMethodAccessorImpl.invoke0(Native Method)
	at sun.reflect.NativeMethodAccessorImpl.invoke(NativeMethodAccessorImpl.java:57)
	at sun.reflect.DelegatingMethodAccessorImpl.invoke(DelegatingMethodAccessorImpl.java:43)
	at java.lang.reflect.Method.invoke(Method.java:606)
	at br.com.caelum.vraptor.interceptor.ExecuteMethodInterceptor.intercept(ExecuteMethodInterceptor.java:61)
	... 40 more
Caused by: java.sql.SQLException: Access denied for user 'root'@'localhost' (using password: YES)
	at com.mysql.jdbc.SQLError.createSQLException(SQLError.java:1078)
	at com.mysql.jdbc.MysqlIO.checkErrorPacket(MysqlIO.java:4120)
	at com.mysql.jdbc.MysqlIO.checkErrorPacket(MysqlIO.java:4052)
	at com.mysql.jdbc.MysqlIO.checkErrorPacket(MysqlIO.java:925)
	at com.mysql.jdbc.MysqlIO.proceedHandshakeWithPluggableAuthentication(MysqlIO.java:1704)
	at com.mysql.jdbc.MysqlIO.doHandshake(MysqlIO.java:1250)
	at com.mysql.jdbc.ConnectionImpl.coreConnect(ConnectionImpl.java:2483)
	at com.mysql.jdbc.ConnectionImpl.connectOneTryOnly(ConnectionImpl.java:2516)
	at com.mysql.jdbc.ConnectionImpl.createNewIO(ConnectionImpl.java:2301)
	at com.mysql.jdbc.ConnectionImpl.<init>(ConnectionImpl.java:834)
	at com.mysql.jdbc.JDBC4Connection.<init>(JDBC4Connection.java:47)
	at sun.reflect.NativeConstructorAccessorImpl.newInstance0(Native Method)
	at sun.reflect.NativeConstructorAccessorImpl.newInstance(NativeConstructorAccessorImpl.java:57)
	at sun.reflect.DelegatingConstructorAccessorImpl.newInstance(DelegatingConstructorAccessorImpl.java:45)
	at java.lang.reflect.Constructor.newInstance(Constructor.java:526)
	at com.mysql.jdbc.Util.handleNewInstance(Util.java:411)
	at com.mysql.jdbc.ConnectionImpl.getInstance(ConnectionImpl.java:416)
	at com.mysql.jdbc.NonRegisteringDriver.connect(NonRegisteringDriver.java:317)
	at java.sql.DriverManager.getConnection(DriverManager.java:571)
	at java.sql.DriverManager.getConnection(DriverManager.java:187)
	at org.hibernate.connection.DriverManagerConnectionProvider.getConnection(DriverManagerConnectionProvider.java:133)
	at org.hibernate.jdbc.ConnectionManager.openConnection(ConnectionManager.java:446)
	... 58 more

Dez 08, 2014 6:24:50 PM org.apache.catalina.core.ApplicationContext log
INFORMAÇÕES: SessionListener: contextDestroyed()
Dez 08, 2014 6:24:50 PM org.apache.catalina.core.ApplicationContext log
INFORMAÇÕES: ContextListener: contextDestroyed()
Dez 08, 2014 6:27:08 PM org.apache.catalina.core.ApplicationContext log
INFORMAÇÕES: ContextListener: contextInitialized()
Dez 08, 2014 6:27:08 PM org.apache.catalina.core.ApplicationContext log
INFORMAÇÕES: SessionListener: contextInitialized()
Dez 08, 2014 6:27:08 PM org.apache.catalina.core.ApplicationContext log
INFORMAÇÕES: ContextListener: attributeAdded('org.apache.jasper.compiler.TldLocationsCache', 'org.apache.jasper.compiler.TldLocationsCache@4fd9330c')
Dez 08, 2014 6:27:57 PM org.apache.catalina.core.ApplicationContext log
INFORMAÇÕES: SessionListener: contextDestroyed()
Dez 08, 2014 6:27:57 PM org.apache.catalina.core.ApplicationContext log
INFORMAÇÕES: ContextListener: contextDestroyed()
Dez 08, 2014 6:37:42 PM org.apache.catalina.core.ApplicationContext log
INFORMAÇÕES: ContextListener: contextInitialized()
Dez 08, 2014 6:37:42 PM org.apache.catalina.core.ApplicationContext log
INFORMAÇÕES: SessionListener: contextInitialized()
Dez 08, 2014 6:37:42 PM org.apache.catalina.core.ApplicationContext log
INFORMAÇÕES: ContextListener: attributeAdded('org.apache.jasper.compiler.TldLocationsCache', 'org.apache.jasper.compiler.TldLocationsCache@1cc8cca6')
Dez 08, 2014 6:38:39 PM org.apache.catalina.core.ApplicationContext log
INFORMAÇÕES: ContextListener: contextInitialized()
Dez 08, 2014 6:38:39 PM org.apache.catalina.core.ApplicationContext log
INFORMAÇÕES: SessionListener: contextInitialized()
Dez 08, 2014 6:38:39 PM org.apache.catalina.core.ApplicationContext log
INFORMAÇÕES: ContextListener: attributeAdded('org.apache.jasper.compiler.TldLocationsCache', 'org.apache.jasper.compiler.TldLocationsCache@56a8f5e')
Dez 08, 2014 6:38:39 PM org.apache.catalina.core.ApplicationContext log
INFORMAÇÕES: SessionListener: contextDestroyed()
Dez 08, 2014 6:38:39 PM org.apache.catalina.core.ApplicationContext log
INFORMAÇÕES: ContextListener: contextDestroyed()
Dez 08, 2014 6:38:48 PM org.apache.catalina.core.ApplicationContext log
INFORMAÇÕES: SessionListener: contextDestroyed()
Dez 08, 2014 6:38:48 PM org.apache.catalina.core.ApplicationContext log
INFORMAÇÕES: ContextListener: contextDestroyed()
Dez 08, 2014 6:39:00 PM org.apache.catalina.core.ApplicationContext log
INFORMAÇÕES: ContextListener: contextInitialized()
Dez 08, 2014 6:39:00 PM org.apache.catalina.core.ApplicationContext log
INFORMAÇÕES: SessionListener: contextInitialized()
Dez 08, 2014 6:39:00 PM org.apache.catalina.core.ApplicationContext log
INFORMAÇÕES: ContextListener: attributeAdded('org.apache.jasper.compiler.TldLocationsCache', 'org.apache.jasper.compiler.TldLocationsCache@33073e36')
Dez 08, 2014 6:39:39 PM org.apache.catalina.core.ApplicationContext log
INFORMAÇÕES: SessionListener: contextDestroyed()
Dez 08, 2014 6:39:39 PM org.apache.catalina.core.ApplicationContext log
INFORMAÇÕES: ContextListener: contextDestroyed()
